Packing
bin/
bin/wavpack.exe
bin/wvgain.exe
bin/wvunpack.exe
lib/
lib/libwavpack.a
lib/libwavpack.dll.a
lib/pkgconfig/
lib/pkgconfig/wavpack.pc
include/
include/wavpack/
include/wavpack/wavpack.h
share/doc/wavpack/4.60.1/
share/doc/wavpack/4.60.1/ChangeLog
share/doc/wavpack/4.60.1/NEWS
share/doc/wavpack/4.60.1/README
share/doc/MinGW/
share/doc/MinGW/wavpack-4.60.1-1-mingw32.RELEASE_NOTES.txt
share/man/
share/man/man1/
share/man/man1/wavpack.1
share/man/man1/wvgain.1
share/man/man1/wvunpack.1
share/doc/wavpack/4.60.1/AUTHORS
share/doc/wavpack/4.60.1/license.txt
bin/libwavpack-1.dll
pkgbuild.sh
mingw32-wavpack.RELEASE_NOTES
patches/
wavpack-4.60.1.tar.bz2
