/home/Dominik_2/libogg-1.3.0-1-mingw32-src/libogg-1.3.0/doc:
/home/Dominik_2/libogg-1.3.0-1-mingw32-src/libogg-1.3.0/doc/libogg:
/home/Dominik_2/libogg-1.3.0-1-mingw32-src/libogg-1.3.0/include:
/home/Dominik_2/libogg-1.3.0-1-mingw32-src/libogg-1.3.0/include/ogg:
/home/Dominik_2/libogg-1.3.0-1-mingw32-src/libogg-1.3.0/macosx:
/home/Dominik_2/libogg-1.3.0-1-mingw32-src/libogg-1.3.0/macosx/English.lproj:
/home/Dominik_2/libogg-1.3.0-1-mingw32-src/libogg-1.3.0/macosx/Ogg.xcodeproj:
/home/Dominik_2/libogg-1.3.0-1-mingw32-src/libogg-1.3.0/src:
/home/Dominik_2/libogg-1.3.0-1-mingw32-src/libogg-1.3.0/win32:
/home/Dominik_2/libogg-1.3.0-1-mingw32-src/libogg-1.3.0/win32/VS2003:
/home/Dominik_2/libogg-1.3.0-1-mingw32-src/libogg-1.3.0/win32/VS2003/libogg:
/home/Dominik_2/libogg-1.3.0-1-mingw32-src/libogg-1.3.0/win32/VS2005:
/home/Dominik_2/libogg-1.3.0-1-mingw32-src/libogg-1.3.0/win32/VS2008:
/home/Dominik_2/libogg-1.3.0-1-mingw32-src/libogg-1.3.0/win32/VS2010:
/home/Dominik_2/libogg-1.3.0-1-mingw32-src/libogg-1.3.0/win32/VS6:
Configuring in /home/Dominik_2/libogg-1.3.0-1-mingw32-src/bld
checking for a BSD-compatible install... /bin/install -c
checking whether build environment is sane... yes
checking for a thread-safe mkdir -p... /bin/mkdir -p
checking for gawk... gawk
checking whether make sets $(MAKE)... yes
checking whether to enable maintainer-specific portions of Makefiles... no
checking for gcc... gcc
checking whether the C compiler works... yes
checking for C compiler default output file name... a.exe
checking for suffix of executables... .exe
checking whether we are cross compiling... no
checking for suffix of object files... o
checking whether we are using the GNU C compiler... yes
checking whether gcc accepts -g... yes
checking for gcc option to accept ISO C89... none needed
checking for style of include used by make... GNU
checking dependency style of gcc... gcc3
checking build system type... i686-pc-mingw32
checking host system type... i686-pc-mingw32
checking how to print strings... printf
checking for a sed that does not truncate output... /bin/sed
checking for grep that handles long lines and -e... /bin/grep
checking for egrep... /bin/grep -E
checking for fgrep... /bin/grep -F
checking for ld used by gcc... c:/mingw/mingw32/bin/ld.exe
checking if the linker (c:/mingw/mingw32/bin/ld.exe) is GNU ld... yes
checking for BSD- or MS-compatible name lister (nm)... /mingw/bin/nm
checking the name lister (/mingw/bin/nm) interface... BSD nm
checking whether ln -s works... no, using cp -p
checking the maximum length of command line arguments... 8192
checking whether the shell understands some XSI constructs... yes
checking whether the shell understands "+="... yes
checking how to convert i686-pc-mingw32 file names to i686-pc-mingw32 format... func_convert_file_msys_to_w32
checking how to convert i686-pc-mingw32 file names to toolchain format... func_convert_file_msys_to_w32
checking for c:/mingw/mingw32/bin/ld.exe option to reload object files... -r
checking for objdump... objdump
checking how to recognize dependent libraries... file_magic ^x86 archive import|^x86 DLL
checking for dlltool... dlltool
checking how to associate runtime and link libraries... func_cygming_dll_for_implib
checking for ar... ar
checking for archiver @FILE support... @
checking for strip... strip
checking for ranlib... ranlib
checking command to parse /mingw/bin/nm output from gcc object... ok
checking for sysroot... no
checking for mt... no
checking if : is a manifest tool... no
checking how to run the C preprocessor... gcc -E
checking for ANSI C header files... yes
checking for sys/types.h... yes
checking for sys/stat.h... yes
checking for stdlib.h... yes
checking for string.h... yes
checking for memory.h... yes
checking for strings.h... yes
checking for inttypes.h... yes
checking for stdint.h... yes
checking for unistd.h... yes
checking for dlfcn.h... no
checking for objdir... .libs
checking if gcc supports -fno-rtti -fno-exceptions... no
checking for gcc option to produce PIC... -DDLL_EXPORT -DPIC
checking if gcc PIC flag -DDLL_EXPORT -DPIC works... yes
checking if gcc static flag -static works... yes
checking if gcc supports -c -o file.o... yes
checking if gcc supports -c -o file.o... (cached) yes
checking whether the gcc linker (c:/mingw/mingw32/bin/ld.exe) supports shared libraries... yes
checking whether -lc should be explicitly linked in... yes
checking dynamic linker characteristics... Win32 ld.exe
checking how to hardcode library paths into programs... immediate
checking whether stripping libraries is possible... yes
checking if libtool supports shared libraries... yes
checking whether to build shared libraries... yes
checking whether to build static libraries... yes
checking whether gcc and cc understand -c and -o together... yes
checking for ANSI C header files... (cached) yes
checking for inttypes.h... (cached) yes
checking for stdint.h... (cached) yes
checking for sys/types.h... (cached) yes
checking for an ANSI C-conforming const... yes
checking size of int16_t... 2
checking size of uint16_t... 2
checking size of u_int16_t... 0
checking size of int32_t... 4
checking size of uint32_t... 4
checking size of u_int32_t... 0
checking size of int64_t... 8
checking size of short... 2
checking size of int... 4
checking size of long... 4
checking size of long long... 8
checking for working memcmp... yes
configure: creating ./config.status
config.status: creating Makefile
config.status: creating src/Makefile
config.status: creating doc/Makefile
config.status: creating doc/libogg/Makefile
config.status: creating include/Makefile
config.status: creating include/ogg/Makefile
config.status: creating include/ogg/config_types.h
config.status: creating libogg.spec
config.status: creating ogg.pc
config.status: creating ogg-uninstalled.pc
config.status: creating config.h
config.status: executing depfiles commands
config.status: executing libtool commands
