Installing into /home/Dominik_2/libogg-1.3.0-1-mingw32-src/inst from /home/Dominik_2/libogg-1.3.0-1-mingw32-src/bld
Making install in src
make[1]: Entering directory `/home/Dominik_2/libogg-1.3.0-1-mingw32-src/bld/src'
make[2]: Entering directory `/home/Dominik_2/libogg-1.3.0-1-mingw32-src/bld/src'
test -z "/mingw/lib" || /bin/mkdir -p "/home/Dominik_2/libogg-1.3.0-1-mingw32-src/inst/mingw/lib"
 /bin/sh ../libtool   --mode=install /bin/install -c   libogg.la '/home/Dominik_2/libogg-1.3.0-1-mingw32-src/inst/mingw/lib'
libtool: install: /bin/install -c .libs/libogg.dll.a /home/Dominik_2/libogg-1.3.0-1-mingw32-src/inst/mingw/lib/libogg.dll.a
libtool: install: base_file=`basename libogg.la`
libtool: install:  dlpath=`/bin/sh 2>&1 -c '. .libs/'libogg.la'i; echo libogg-0.dll'`
libtool: install:  dldir=/home/Dominik_2/libogg-1.3.0-1-mingw32-src/inst/mingw/lib/`dirname ../bin/libogg-0.dll`
libtool: install:  test -d /home/Dominik_2/libogg-1.3.0-1-mingw32-src/inst/mingw/lib/../bin || mkdir -p /home/Dominik_2/libogg-1.3.0-1-mingw32-src/inst/mingw/lib/../bin
libtool: install:  /bin/install -c .libs/libogg-0.dll /home/Dominik_2/libogg-1.3.0-1-mingw32-src/inst/mingw/lib/../bin/libogg-0.dll
libtool: install:  chmod a+x /home/Dominik_2/libogg-1.3.0-1-mingw32-src/inst/mingw/lib/../bin/libogg-0.dll
libtool: install:  if test -n '' && test -n 'strip --strip-unneeded'; then eval 'strip --strip-unneeded /home/Dominik_2/libogg-1.3.0-1-mingw32-src/inst/mingw/lib/../bin/libogg-0.dll' || exit 0; fi
libtool: install: /bin/install -c .libs/libogg.lai /home/Dominik_2/libogg-1.3.0-1-mingw32-src/inst/mingw/lib/libogg.la
libtool: install: /bin/install -c .libs/libogg.a /home/Dominik_2/libogg-1.3.0-1-mingw32-src/inst/mingw/lib/libogg.a
libtool: install: chmod 644 /home/Dominik_2/libogg-1.3.0-1-mingw32-src/inst/mingw/lib/libogg.a
libtool: install: ranlib /home/Dominik_2/libogg-1.3.0-1-mingw32-src/inst/mingw/lib/libogg.a
libtool: install: warning: remember to run `libtool --finish /mingw/lib'
make[2]: Nothing to be done for `install-data-am'.
make[2]: Leaving directory `/home/Dominik_2/libogg-1.3.0-1-mingw32-src/bld/src'
make[1]: Leaving directory `/home/Dominik_2/libogg-1.3.0-1-mingw32-src/bld/src'
Making install in include
make[1]: Entering directory `/home/Dominik_2/libogg-1.3.0-1-mingw32-src/bld/include'
Making install in ogg
make[2]: Entering directory `/home/Dominik_2/libogg-1.3.0-1-mingw32-src/bld/include/ogg'
make[3]: Entering directory `/home/Dominik_2/libogg-1.3.0-1-mingw32-src/bld/include/ogg'
make[3]: Nothing to be done for `install-exec-am'.
test -z "/mingw/include/ogg" || /bin/mkdir -p "/home/Dominik_2/libogg-1.3.0-1-mingw32-src/inst/mingw/include/ogg"
 /bin/install -c -m 644 config_types.h '/home/Dominik_2/libogg-1.3.0-1-mingw32-src/inst/mingw/include/ogg'
test -z "/mingw/include/ogg" || /bin/mkdir -p "/home/Dominik_2/libogg-1.3.0-1-mingw32-src/inst/mingw/include/ogg"
 /bin/install -c -m 644 ogg.h os_types.h '/home/Dominik_2/libogg-1.3.0-1-mingw32-src/inst/mingw/include/ogg'
make[3]: Leaving directory `/home/Dominik_2/libogg-1.3.0-1-mingw32-src/bld/include/ogg'
make[2]: Leaving directory `/home/Dominik_2/libogg-1.3.0-1-mingw32-src/bld/include/ogg'
make[2]: Entering directory `/home/Dominik_2/libogg-1.3.0-1-mingw32-src/bld/include'
make[3]: Entering directory `/home/Dominik_2/libogg-1.3.0-1-mingw32-src/bld/include'
make[3]: Nothing to be done for `install-exec-am'.
make[3]: Nothing to be done for `install-data-am'.
make[3]: Leaving directory `/home/Dominik_2/libogg-1.3.0-1-mingw32-src/bld/include'
make[2]: Leaving directory `/home/Dominik_2/libogg-1.3.0-1-mingw32-src/bld/include'
make[1]: Leaving directory `/home/Dominik_2/libogg-1.3.0-1-mingw32-src/bld/include'
Making install in doc
make[1]: Entering directory `/home/Dominik_2/libogg-1.3.0-1-mingw32-src/bld/doc'
Making install in libogg
make[2]: Entering directory `/home/Dominik_2/libogg-1.3.0-1-mingw32-src/bld/doc/libogg'
make[3]: Entering directory `/home/Dominik_2/libogg-1.3.0-1-mingw32-src/bld/doc/libogg'
make[3]: Nothing to be done for `install-exec-am'.
test -z "/mingw/share/doc/libogg-1.3.0/ogg" || /bin/mkdir -p "/home/Dominik_2/libogg-1.3.0-1-mingw32-src/inst/mingw/share/doc/libogg-1.3.0/ogg"
 /bin/install -c -m 644 bitpacking.html datastructures.html decoding.html encoding.html general.html index.html ogg_packet.html ogg_packet_clear.html ogg_page.html ogg_page_bos.html ogg_page_checksum_set.html ogg_page_continued.html ogg_page_eos.html ogg_page_granulepos.html ogg_page_packets.html ogg_page_pageno.html ogg_page_serialno.html ogg_page_version.html ogg_stream_clear.html ogg_stream_destroy.html ogg_stream_eos.html ogg_stream_flush.html ogg_stream_init.html ogg_stream_packetin.html ogg_stream_packetout.html ogg_stream_packetpeek.html ogg_stream_pagein.html ogg_stream_pageout.html ogg_stream_pageout_fill.html ogg_stream_reset.html ogg_stream_reset_serialno.html ogg_stream_state.html ogg_sync_buffer.html ogg_sync_clear.html ogg_sync_destroy.html ogg_sync_init.html ogg_sync_pageout.html ogg_sync_pageseek.html ogg_sync_reset.html ogg_sync_state.html '/home/Dominik_2/libogg-1.3.0-1-mingw32-src/inst/mingw/share/doc/libogg-1.3.0/ogg'
 /bin/install -c -m 644 ogg_sync_wrote.html oggpack_adv.html oggpack_adv1.html oggpack_bits.html oggpack_buffer.html oggpack_bytes.html oggpack_get_buffer.html oggpack_look.html oggpack_look1.html oggpack_read.html oggpack_read1.html oggpack_readinit.html oggpack_reset.html oggpack_write.html oggpack_writealign.html oggpack_writeclear.html oggpack_writecopy.html oggpack_writeinit.html oggpack_writetrunc.html overview.html reference.html style.css '/home/Dominik_2/libogg-1.3.0-1-mingw32-src/inst/mingw/share/doc/libogg-1.3.0/ogg'
make[3]: Leaving directory `/home/Dominik_2/libogg-1.3.0-1-mingw32-src/bld/doc/libogg'
make[2]: Leaving directory `/home/Dominik_2/libogg-1.3.0-1-mingw32-src/bld/doc/libogg'
make[2]: Entering directory `/home/Dominik_2/libogg-1.3.0-1-mingw32-src/bld/doc'
make[3]: Entering directory `/home/Dominik_2/libogg-1.3.0-1-mingw32-src/bld/doc'
make[3]: Nothing to be done for `install-exec-am'.
test -z "/mingw/share/doc/libogg-1.3.0" || /bin/mkdir -p "/home/Dominik_2/libogg-1.3.0-1-mingw32-src/inst/mingw/share/doc/libogg-1.3.0"
 /bin/install -c -m 644 framing.html index.html oggstream.html ogg-multiplex.html stream.png vorbisword2.png white-ogg.png white-xifish.png rfc3533.txt rfc5334.txt skeleton.html '/home/Dominik_2/libogg-1.3.0-1-mingw32-src/inst/mingw/share/doc/libogg-1.3.0'
make[3]: Leaving directory `/home/Dominik_2/libogg-1.3.0-1-mingw32-src/bld/doc'
make[2]: Leaving directory `/home/Dominik_2/libogg-1.3.0-1-mingw32-src/bld/doc'
make[1]: Leaving directory `/home/Dominik_2/libogg-1.3.0-1-mingw32-src/bld/doc'
make[1]: Entering directory `/home/Dominik_2/libogg-1.3.0-1-mingw32-src/bld'
make[2]: Entering directory `/home/Dominik_2/libogg-1.3.0-1-mingw32-src/bld'
make[2]: Nothing to be done for `install-exec-am'.
test -z "/mingw/share/aclocal" || /bin/mkdir -p "/home/Dominik_2/libogg-1.3.0-1-mingw32-src/inst/mingw/share/aclocal"
 /bin/install -c -m 644 ogg.m4 '/home/Dominik_2/libogg-1.3.0-1-mingw32-src/inst/mingw/share/aclocal'
test -z "/mingw/lib/pkgconfig" || /bin/mkdir -p "/home/Dominik_2/libogg-1.3.0-1-mingw32-src/inst/mingw/lib/pkgconfig"
 /bin/install -c -m 644 ogg.pc '/home/Dominik_2/libogg-1.3.0-1-mingw32-src/inst/mingw/lib/pkgconfig'
make[2]: Leaving directory `/home/Dominik_2/libogg-1.3.0-1-mingw32-src/bld'
make[1]: Leaving directory `/home/Dominik_2/libogg-1.3.0-1-mingw32-src/bld'
