This file contains any messages produced by compilers while
running configure, to aid debugging if configure makes a mistake.

It was created by configure, which was
generated by GNU Autoconf 2.68.  Invocation command line was

  $ /home/Dominik_2/libogg-1.3.0-1-mingw32-src/libogg-1.3.0/configure --prefix=/mingw

## --------- ##
## Platform. ##
## --------- ##

hostname = Arbeitszimmer
uname -m = i686
uname -r = 1.0.17(0.48/3/2)
uname -s = MINGW32_NT-6.1
uname -v = 2011-04-24 23:39

/usr/bin/uname -p = unknown
/bin/uname -X     = unknown

/bin/arch              = unknown
/usr/bin/arch -k       = unknown
/usr/convex/getsysinfo = unknown
/usr/bin/hostinfo      = unknown
/bin/machine           = unknown
/usr/bin/oslevel       = unknown
/bin/universe          = unknown

PATH: .
PATH: /usr/local/bin
PATH: /mingw/bin
PATH: /bin
PATH: /c/Program Files/Common Files/Microsoft Shared/Windows Live
PATH: /c/Program Files (x86)/Common Files/Microsoft Shared/Windows Live
PATH: /c/Windows/system32
PATH: /c/Windows
PATH: /c/Windows/System32/Wbem
PATH: /c/Windows/System32/WindowsPowerShell/v1.0/
PATH: /c/Program Files (x86)/Windows Live/Shared
PATH: /c/Program Files (x86)/QuickTime/QTSystem/
PATH: /mingw/bin
PATH:  


## ----------- ##
## Core tests. ##
## ----------- ##

configure:2413: checking for a BSD-compatible install
configure:2481: result: /bin/install -c
configure:2492: checking whether build environment is sane
configure:2542: result: yes
configure:2683: checking for a thread-safe mkdir -p
configure:2722: result: /bin/mkdir -p
configure:2735: checking for gawk
configure:2751: found /bin/gawk
configure:2762: result: gawk
configure:2773: checking whether make sets $(MAKE)
configure:2795: result: yes
configure:2876: checking whether to enable maintainer-specific portions of Makefiles
configure:2885: result: no
configure:2955: checking for gcc
configure:2971: found /mingw/bin/gcc
configure:2982: result: gcc
configure:3211: checking for C compiler version
configure:3220: gcc --version >&5
gcc.exe (GCC) 4.6.2
Copyright (C) 2011 Free Software Foundation, Inc.
This is free software; see the source for copying conditions.  There is NO
warranty; not even for MERCHANTABILITY or FITNESS FOR A PARTICULAR PURPOSE.

configure:3231: $? = 0
configure:3220: gcc -v >&5
Using built-in specs.
COLLECT_GCC=C:\MinGW\bin\gcc.exe
COLLECT_LTO_WRAPPER=c:/mingw/bin/../libexec/gcc/mingw32/4.6.2/lto-wrapper.exe
Target: mingw32
Configured with: ../gcc-4.6.2/configure --enable-languages=c,c++,ada,fortran,objc,obj-c++ --disable-sjlj-exceptions --with-dwarf2 --enable-shared --enable-libgomp --disable-win32-registry --enable-libstdcxx-debug --enable-version-specific-runtime-libs --build=mingw32 --prefix=/mingw
Thread model: win32
gcc version 4.6.2 (GCC) 
configure:3231: $? = 0
configure:3220: gcc -V >&5
gcc.exe: error: unrecognized option '-V'
gcc.exe: fatal error: no input files
compilation terminated.
configure:3231: $? = 1
configure:3220: gcc -qversion >&5
gcc.exe: error: unrecognized option '-qversion'
gcc.exe: fatal error: no input files
compilation terminated.
configure:3231: $? = 1
configure:3251: checking whether the C compiler works
configure:3273: gcc  -march=i686   conftest.c  >&5
configure:3277: $? = 0
configure:3325: result: yes
configure:3328: checking for C compiler default output file name
configure:3330: result: a.exe
configure:3336: checking for suffix of executables
configure:3343: gcc -o conftest.exe  -march=i686   conftest.c  >&5
configure:3347: $? = 0
configure:3369: result: .exe
configure:3391: checking whether we are cross compiling
configure:3399: gcc -o conftest.exe  -march=i686   conftest.c  >&5
configure:3403: $? = 0
configure:3410: ./conftest.exe
configure:3414: $? = 0
configure:3429: result: no
configure:3434: checking for suffix of object files
configure:3456: gcc -c  -march=i686  conftest.c >&5
configure:3460: $? = 0
configure:3481: result: o
configure:3485: checking whether we are using the GNU C compiler
configure:3504: gcc -c  -march=i686  conftest.c >&5
configure:3504: $? = 0
configure:3513: result: yes
configure:3522: checking whether gcc accepts -g
configure:3542: gcc -c -g  conftest.c >&5
configure:3542: $? = 0
configure:3583: result: yes
configure:3600: checking for gcc option to accept ISO C89
configure:3664: gcc  -c  -march=i686  conftest.c >&5
configure:3664: $? = 0
configure:3677: result: none needed
configure:3708: checking for style of include used by make
configure:3736: result: GNU
configure:3761: checking dependency style of gcc
configure:3871: result: gcc3
configure:3915: checking build system type
configure:3929: result: i686-pc-mingw32
configure:3949: checking host system type
configure:3962: result: i686-pc-mingw32
configure:4003: checking how to print strings
configure:4030: result: printf
configure:4051: checking for a sed that does not truncate output
configure:4115: result: /bin/sed
configure:4133: checking for grep that handles long lines and -e
configure:4191: result: /bin/grep
configure:4196: checking for egrep
configure:4258: result: /bin/grep -E
configure:4263: checking for fgrep
configure:4325: result: /bin/grep -F
configure:4360: checking for ld used by gcc
configure:4427: result: c:/mingw/mingw32/bin/ld.exe
configure:4434: checking if the linker (c:/mingw/mingw32/bin/ld.exe) is GNU ld
configure:4449: result: yes
configure:4461: checking for BSD- or MS-compatible name lister (nm)
configure:4510: result: /mingw/bin/nm
configure:4640: checking the name lister (/mingw/bin/nm) interface
configure:4647: gcc -c  -march=i686  conftest.c >&5
configure:4650: /mingw/bin/nm "conftest.o"
configure:4653: output
00000000 b .bss
00000000 d .data
00000000 t .text
00000000 B _some_variable
configure:4660: result: BSD nm
configure:4663: checking whether ln -s works
configure:4670: result: no, using cp -p
configure:4675: checking the maximum length of command line arguments
configure:4800: result: 8192
configure:4817: checking whether the shell understands some XSI constructs
configure:4827: result: yes
configure:4831: checking whether the shell understands "+="
configure:4837: result: yes
configure:4872: checking how to convert i686-pc-mingw32 file names to i686-pc-mingw32 format
configure:4912: result: func_convert_file_msys_to_w32
configure:4919: checking how to convert i686-pc-mingw32 file names to toolchain format
configure:4939: result: func_convert_file_msys_to_w32
configure:4946: checking for c:/mingw/mingw32/bin/ld.exe option to reload object files
configure:4953: result: -r
configure:5027: checking for objdump
configure:5043: found /mingw/bin/objdump
configure:5054: result: objdump
configure:5086: checking how to recognize dependent libraries
configure:5288: result: file_magic ^x86 archive import|^x86 DLL
configure:5373: checking for dlltool
configure:5389: found /mingw/bin/dlltool
configure:5400: result: dlltool
configure:5433: checking how to associate runtime and link libraries
configure:5460: result: func_cygming_dll_for_implib
configure:5521: checking for ar
configure:5537: found /mingw/bin/ar
configure:5548: result: ar
configure:5585: checking for archiver @FILE support
configure:5602: gcc -c  -march=i686  conftest.c >&5
configure:5602: $? = 0
configure:5605: ar cru libconftest.a @conftest.lst >&5
configure:5608: $? = 0
configure:5613: ar cru libconftest.a @conftest.lst >&5
C:\MinGW\bin\ar.exe: conftest.o: No such file or directory
configure:5616: $? = 1
configure:5628: result: @
configure:5686: checking for strip
configure:5702: found /mingw/bin/strip
configure:5713: result: strip
configure:5785: checking for ranlib
configure:5801: found /mingw/bin/ranlib
configure:5812: result: ranlib
configure:5914: checking command to parse /mingw/bin/nm output from gcc object
configure:6033: gcc -c  -march=i686  conftest.c >&5
configure:6036: $? = 0
configure:6040: /mingw/bin/nm conftest.o \| sed -n -e 's/^.*[ ]\([ABCDGIRSTW][ABCDGIRSTW]*\)[ ][ ]*\([_A-Za-z][_A-Za-z0-9]*\)\{0,1\}$/\1 \2 \2/p' | sed '/ __gnu_lto/d' \> conftest.nm
configure:6043: $? = 0
cannot find nm_test_var in conftest.nm
configure:6033: gcc -c  -march=i686  conftest.c >&5
configure:6036: $? = 0
configure:6040: /mingw/bin/nm conftest.o \| sed -n -e 's/^.*[ ]\([ABCDGIRSTW][ABCDGIRSTW]*\)[ ][ ]*_\([_A-Za-z][_A-Za-z0-9]*\)\{0,1\}$/\1 _\2 \2/p' | sed '/ __gnu_lto/d' \> conftest.nm
configure:6043: $? = 0
configure:6109: gcc -o conftest.exe  -march=i686   conftest.c conftstm.o >&5
configure:6112: $? = 0
configure:6150: result: ok
configure:6187: checking for sysroot
configure:6217: result: no
configure:6460: checking for mt
configure:6490: result: no
configure:6510: checking if : is a manifest tool
configure:6516: : '-?'
configure:6524: result: no
configure:7156: checking how to run the C preprocessor
configure:7187: gcc -E  conftest.c
configure:7187: $? = 0
configure:7201: gcc -E  conftest.c
conftest.c:11:28: fatal error: ac_nonexistent.h: No such file or directory
compilation terminated.
configure:7201: $? = 1
configure: failed program was:
| /* confdefs.h */
| #define PACKAGE_NAME ""
| #define PACKAGE_TARNAME ""
| #define PACKAGE_VERSION ""
| #define PACKAGE_STRING ""
| #define PACKAGE_BUGREPORT ""
| #define PACKAGE_URL ""
| #define PACKAGE "libogg"
| #define VERSION "1.3.0"
| /* end confdefs.h.  */
| #include <ac_nonexistent.h>
configure:7226: result: gcc -E
configure:7246: gcc -E  conftest.c
configure:7246: $? = 0
configure:7260: gcc -E  conftest.c
conftest.c:11:28: fatal error: ac_nonexistent.h: No such file or directory
compilation terminated.
configure:7260: $? = 1
configure: failed program was:
| /* confdefs.h */
| #define PACKAGE_NAME ""
| #define PACKAGE_TARNAME ""
| #define PACKAGE_VERSION ""
| #define PACKAGE_STRING ""
| #define PACKAGE_BUGREPORT ""
| #define PACKAGE_URL ""
| #define PACKAGE "libogg"
| #define VERSION "1.3.0"
| /* end confdefs.h.  */
| #include <ac_nonexistent.h>
configure:7289: checking for ANSI C header files
configure:7309: gcc -c  -march=i686  conftest.c >&5
configure:7309: $? = 0
configure:7382: gcc -o conftest.exe  -march=i686   conftest.c  >&5
configure:7382: $? = 0
configure:7382: ./conftest.exe
configure:7382: $? = 0
configure:7393: result: yes
configure:7406: checking for sys/types.h
configure:7406: gcc -c  -march=i686  conftest.c >&5
configure:7406: $? = 0
configure:7406: result: yes
configure:7406: checking for sys/stat.h
configure:7406: gcc -c  -march=i686  conftest.c >&5
configure:7406: $? = 0
configure:7406: result: yes
configure:7406: checking for stdlib.h
configure:7406: gcc -c  -march=i686  conftest.c >&5
configure:7406: $? = 0
configure:7406: result: yes
configure:7406: checking for string.h
configure:7406: gcc -c  -march=i686  conftest.c >&5
configure:7406: $? = 0
configure:7406: result: yes
configure:7406: checking for memory.h
configure:7406: gcc -c  -march=i686  conftest.c >&5
configure:7406: $? = 0
configure:7406: result: yes
configure:7406: checking for strings.h
configure:7406: gcc -c  -march=i686  conftest.c >&5
configure:7406: $? = 0
configure:7406: result: yes
configure:7406: checking for inttypes.h
configure:7406: gcc -c  -march=i686  conftest.c >&5
configure:7406: $? = 0
configure:7406: result: yes
configure:7406: checking for stdint.h
configure:7406: gcc -c  -march=i686  conftest.c >&5
configure:7406: $? = 0
configure:7406: result: yes
configure:7406: checking for unistd.h
configure:7406: gcc -c  -march=i686  conftest.c >&5
configure:7406: $? = 0
configure:7406: result: yes
configure:7420: checking for dlfcn.h
configure:7420: gcc -c  -march=i686  conftest.c >&5
conftest.c:55:19: fatal error: dlfcn.h: No such file or directory
compilation terminated.
configure:7420: $? = 1
configure: failed program was:
| /* confdefs.h */
| #define PACKAGE_NAME ""
| #define PACKAGE_TARNAME ""
| #define PACKAGE_VERSION ""
| #define PACKAGE_STRING ""
| #define PACKAGE_BUGREPORT ""
| #define PACKAGE_URL ""
| #define PACKAGE "libogg"
| #define VERSION "1.3.0"
| #define STDC_HEADERS 1
| #define HAVE_SYS_TYPES_H 1
| #define HAVE_SYS_STAT_H 1
| #define HAVE_STDLIB_H 1
| #define HAVE_STRING_H 1
| #define HAVE_MEMORY_H 1
| #define HAVE_STRINGS_H 1
| #define HAVE_INTTYPES_H 1
| #define HAVE_STDINT_H 1
| #define HAVE_UNISTD_H 1
| /* end confdefs.h.  */
| #include <stdio.h>
| #ifdef HAVE_SYS_TYPES_H
| # include <sys/types.h>
| #endif
| #ifdef HAVE_SYS_STAT_H
| # include <sys/stat.h>
| #endif
| #ifdef STDC_HEADERS
| # include <stdlib.h>
| # include <stddef.h>
| #else
| # ifdef HAVE_STDLIB_H
| #  include <stdlib.h>
| # endif
| #endif
| #ifdef HAVE_STRING_H
| # if !defined STDC_HEADERS && defined HAVE_MEMORY_H
| #  include <memory.h>
| # endif
| # include <string.h>
| #endif
| #ifdef HAVE_STRINGS_H
| # include <strings.h>
| #endif
| #ifdef HAVE_INTTYPES_H
| # include <inttypes.h>
| #endif
| #ifdef HAVE_STDINT_H
| # include <stdint.h>
| #endif
| #ifdef HAVE_UNISTD_H
| # include <unistd.h>
| #endif
| 
| #include <dlfcn.h>
configure:7420: result: no
configure:7607: checking for objdir
configure:7622: result: .libs
configure:7889: checking if gcc supports -fno-rtti -fno-exceptions
configure:7907: gcc -c  -march=i686  -fno-rtti -fno-exceptions conftest.c >&5
cc1.exe: warning: command line option '-fno-rtti' is valid for C++/ObjC++ but not for C [enabled by default]
configure:7911: $? = 0
configure:7924: result: no
configure:8234: checking for gcc option to produce PIC
configure:8241: result: -DDLL_EXPORT -DPIC
configure:8249: checking if gcc PIC flag -DDLL_EXPORT -DPIC works
configure:8267: gcc -c  -march=i686  -DDLL_EXPORT -DPIC -DPIC conftest.c >&5
configure:8271: $? = 0
configure:8284: result: yes
configure:8313: checking if gcc static flag -static works
configure:8341: result: yes
configure:8356: checking if gcc supports -c -o file.o
configure:8377: gcc -c  -march=i686  -o out/conftest2.o conftest.c >&5
configure:8381: $? = 0
configure:8403: result: yes
configure:8411: checking if gcc supports -c -o file.o
configure:8458: result: yes
configure:8491: checking whether the gcc linker (c:/mingw/mingw32/bin/ld.exe) supports shared libraries
configure:9649: result: yes
configure:9686: checking whether -lc should be explicitly linked in
configure:9694: gcc -c  -march=i686  conftest.c >&5
configure:9697: $? = 0
configure:9712: gcc -shared conftest.o  -v -o ./conftest -Wl,--enable-auto-image-base -Xlinker --out-implib -Xlinker conftest 2\>\&1 \| /bin/grep  -lc  \>/dev/null 2\>\&1
configure:9715: $? = 1
configure:9729: result: yes
configure:9894: checking dynamic linker characteristics
configure:10634: result: Win32 ld.exe
configure:10741: checking how to hardcode library paths into programs
configure:10766: result: immediate
configure:11306: checking whether stripping libraries is possible
configure:11311: result: yes
configure:11346: checking if libtool supports shared libraries
configure:11348: result: yes
configure:11351: checking whether to build shared libraries
configure:11372: result: yes
configure:11375: checking whether to build static libraries
configure:11379: result: yes
configure:11415: checking whether gcc and cc understand -c and -o together
configure:11446: gcc -c conftest.c -o conftest2.o >&5
configure:11450: $? = 0
configure:11456: gcc -c conftest.c -o conftest2.o >&5
configure:11460: $? = 0
configure:11471: cc -c conftest.c >&5
configure:11475: $? = 0
configure:11483: cc -c conftest.c -o conftest2.o >&5
configure:11487: $? = 0
configure:11493: cc -c conftest.c -o conftest2.o >&5
configure:11497: $? = 0
configure:11515: result: yes
configure:11594: checking for ANSI C header files
configure:11698: result: yes
configure:11709: checking for inttypes.h
configure:11709: result: yes
configure:11715: checking for stdint.h
configure:11715: result: yes
configure:11721: checking for sys/types.h
configure:11721: result: yes
configure:11728: checking for an ANSI C-conforming const
configure:11793: gcc -c -O20 -fsigned-char  -march=i686  conftest.c >&5
configure:11793: $? = 0
configure:11800: result: yes
configure:11814: checking size of int16_t
configure:11819: gcc -o conftest.exe -O20 -fsigned-char  -march=i686   conftest.c  >&5
configure:11819: $? = 0
configure:11819: ./conftest.exe
configure:11819: $? = 0
configure:11833: result: 2
configure:11847: checking size of uint16_t
configure:11852: gcc -o conftest.exe -O20 -fsigned-char  -march=i686   conftest.c  >&5
configure:11852: $? = 0
configure:11852: ./conftest.exe
configure:11852: $? = 0
configure:11866: result: 2
configure:11880: checking size of u_int16_t
configure:11885: gcc -o conftest.exe -O20 -fsigned-char  -march=i686   conftest.c  >&5
conftest.c: In function 'longval':
conftest.c:58:57: error: 'u_int16_t' undeclared (first use in this function)
conftest.c:58:57: note: each undeclared identifier is reported only once for each function it appears in
conftest.c: In function 'ulongval':
conftest.c:59:67: error: 'u_int16_t' undeclared (first use in this function)
conftest.c: In function 'main':
conftest.c:69:28: error: 'u_int16_t' undeclared (first use in this function)
configure:11885: $? = 1
configure: program exited with status 1
configure: failed program was:
| /* confdefs.h */
| #define PACKAGE_NAME ""
| #define PACKAGE_TARNAME ""
| #define PACKAGE_VERSION ""
| #define PACKAGE_STRING ""
| #define PACKAGE_BUGREPORT ""
| #define PACKAGE_URL ""
| #define PACKAGE "libogg"
| #define VERSION "1.3.0"
| #define STDC_HEADERS 1
| #define HAVE_SYS_TYPES_H 1
| #define HAVE_SYS_STAT_H 1
| #define HAVE_STDLIB_H 1
| #define HAVE_STRING_H 1
| #define HAVE_MEMORY_H 1
| #define HAVE_STRINGS_H 1
| #define HAVE_INTTYPES_H 1
| #define HAVE_STDINT_H 1
| #define HAVE_UNISTD_H 1
| #define LT_OBJDIR ".libs/"
| #define STDC_HEADERS 1
| #define SIZEOF_INT16_T 2
| #define SIZEOF_UINT16_T 2
| /* end confdefs.h.  */
| #include <stdio.h>
| #ifdef HAVE_SYS_TYPES_H
| # include <sys/types.h>
| #endif
| #ifdef HAVE_SYS_STAT_H
| # include <sys/stat.h>
| #endif
| #ifdef STDC_HEADERS
| # include <stdlib.h>
| # include <stddef.h>
| #else
| # ifdef HAVE_STDLIB_H
| #  include <stdlib.h>
| # endif
| #endif
| #ifdef HAVE_STRING_H
| # if !defined STDC_HEADERS && defined HAVE_MEMORY_H
| #  include <memory.h>
| # endif
| # include <string.h>
| #endif
| #ifdef HAVE_STRINGS_H
| # include <strings.h>
| #endif
| #ifdef HAVE_INTTYPES_H
| # include <inttypes.h>
| #endif
| #ifdef HAVE_STDINT_H
| # include <stdint.h>
| #endif
| #ifdef HAVE_UNISTD_H
| # include <unistd.h>
| #endif
| static long int longval () { return (long int) (sizeof (u_int16_t)); }
| static unsigned long int ulongval () { return (long int) (sizeof (u_int16_t)); }
| #include <stdio.h>
| #include <stdlib.h>
| int
| main ()
| {
| 
|   FILE *f = fopen ("conftest.val", "w");
|   if (! f)
|     return 1;
|   if (((long int) (sizeof (u_int16_t))) < 0)
|     {
|       long int i = longval ();
|       if (i != ((long int) (sizeof (u_int16_t))))
| 	return 1;
|       fprintf (f, "%ld", i);
|     }
|   else
|     {
|       unsigned long int i = ulongval ();
|       if (i != ((long int) (sizeof (u_int16_t))))
| 	return 1;
|       fprintf (f, "%lu", i);
|     }
|   /* Do not output a trailing newline, as this causes \r\n confusion
|      on some platforms.  */
|   return ferror (f) || fclose (f) != 0;
| 
|   ;
|   return 0;
| }
configure:11899: result: 0
configure:11913: checking size of int32_t
configure:11918: gcc -o conftest.exe -O20 -fsigned-char  -march=i686   conftest.c  >&5
configure:11918: $? = 0
configure:11918: ./conftest.exe
configure:11918: $? = 0
configure:11932: result: 4
configure:11946: checking size of uint32_t
configure:11951: gcc -o conftest.exe -O20 -fsigned-char  -march=i686   conftest.c  >&5
configure:11951: $? = 0
configure:11951: ./conftest.exe
configure:11951: $? = 0
configure:11965: result: 4
configure:11979: checking size of u_int32_t
configure:11984: gcc -o conftest.exe -O20 -fsigned-char  -march=i686   conftest.c  >&5
conftest.c: In function 'longval':
conftest.c:61:57: error: 'u_int32_t' undeclared (first use in this function)
conftest.c:61:57: note: each undeclared identifier is reported only once for each function it appears in
conftest.c: In function 'ulongval':
conftest.c:62:67: error: 'u_int32_t' undeclared (first use in this function)
conftest.c: In function 'main':
conftest.c:72:28: error: 'u_int32_t' undeclared (first use in this function)
configure:11984: $? = 1
configure: program exited with status 1
configure: failed program was:
| /* confdefs.h */
| #define PACKAGE_NAME ""
| #define PACKAGE_TARNAME ""
| #define PACKAGE_VERSION ""
| #define PACKAGE_STRING ""
| #define PACKAGE_BUGREPORT ""
| #define PACKAGE_URL ""
| #define PACKAGE "libogg"
| #define VERSION "1.3.0"
| #define STDC_HEADERS 1
| #define HAVE_SYS_TYPES_H 1
| #define HAVE_SYS_STAT_H 1
| #define HAVE_STDLIB_H 1
| #define HAVE_STRING_H 1
| #define HAVE_MEMORY_H 1
| #define HAVE_STRINGS_H 1
| #define HAVE_INTTYPES_H 1
| #define HAVE_STDINT_H 1
| #define HAVE_UNISTD_H 1
| #define LT_OBJDIR ".libs/"
| #define STDC_HEADERS 1
| #define SIZEOF_INT16_T 2
| #define SIZEOF_UINT16_T 2
| #define SIZEOF_U_INT16_T 0
| #define SIZEOF_INT32_T 4
| #define SIZEOF_UINT32_T 4
| /* end confdefs.h.  */
| #include <stdio.h>
| #ifdef HAVE_SYS_TYPES_H
| # include <sys/types.h>
| #endif
| #ifdef HAVE_SYS_STAT_H
| # include <sys/stat.h>
| #endif
| #ifdef STDC_HEADERS
| # include <stdlib.h>
| # include <stddef.h>
| #else
| # ifdef HAVE_STDLIB_H
| #  include <stdlib.h>
| # endif
| #endif
| #ifdef HAVE_STRING_H
| # if !defined STDC_HEADERS && defined HAVE_MEMORY_H
| #  include <memory.h>
| # endif
| # include <string.h>
| #endif
| #ifdef HAVE_STRINGS_H
| # include <strings.h>
| #endif
| #ifdef HAVE_INTTYPES_H
| # include <inttypes.h>
| #endif
| #ifdef HAVE_STDINT_H
| # include <stdint.h>
| #endif
| #ifdef HAVE_UNISTD_H
| # include <unistd.h>
| #endif
| static long int longval () { return (long int) (sizeof (u_int32_t)); }
| static unsigned long int ulongval () { return (long int) (sizeof (u_int32_t)); }
| #include <stdio.h>
| #include <stdlib.h>
| int
| main ()
| {
| 
|   FILE *f = fopen ("conftest.val", "w");
|   if (! f)
|     return 1;
|   if (((long int) (sizeof (u_int32_t))) < 0)
|     {
|       long int i = longval ();
|       if (i != ((long int) (sizeof (u_int32_t))))
| 	return 1;
|       fprintf (f, "%ld", i);
|     }
|   else
|     {
|       unsigned long int i = ulongval ();
|       if (i != ((long int) (sizeof (u_int32_t))))
| 	return 1;
|       fprintf (f, "%lu", i);
|     }
|   /* Do not output a trailing newline, as this causes \r\n confusion
|      on some platforms.  */
|   return ferror (f) || fclose (f) != 0;
| 
|   ;
|   return 0;
| }
configure:11998: result: 0
configure:12012: checking size of int64_t
configure:12017: gcc -o conftest.exe -O20 -fsigned-char  -march=i686   conftest.c  >&5
configure:12017: $? = 0
configure:12017: ./conftest.exe
configure:12017: $? = 0
configure:12031: result: 8
configure:12045: checking size of short
configure:12050: gcc -o conftest.exe -O20 -fsigned-char  -march=i686   conftest.c  >&5
configure:12050: $? = 0
configure:12050: ./conftest.exe
configure:12050: $? = 0
configure:12064: result: 2
configure:12078: checking size of int
configure:12083: gcc -o conftest.exe -O20 -fsigned-char  -march=i686   conftest.c  >&5
configure:12083: $? = 0
configure:12083: ./conftest.exe
configure:12083: $? = 0
configure:12097: result: 4
configure:12111: checking size of long
configure:12116: gcc -o conftest.exe -O20 -fsigned-char  -march=i686   conftest.c  >&5
configure:12116: $? = 0
configure:12116: ./conftest.exe
configure:12116: $? = 0
configure:12130: result: 4
configure:12144: checking size of long long
configure:12149: gcc -o conftest.exe -O20 -fsigned-char  -march=i686   conftest.c  >&5
configure:12149: $? = 0
configure:12149: ./conftest.exe
configure:12149: $? = 0
configure:12163: result: 8
configure:12226: checking for working memcmp
configure:12269: gcc -o conftest.exe -O20 -fsigned-char  -march=i686   conftest.c  >&5
configure:12269: $? = 0
configure:12269: ./conftest.exe
configure:12269: $? = 0
configure:12279: result: yes
configure:12441: creating ./config.status

## ---------------------- ##
## Running config.status. ##
## ---------------------- ##

This file was extended by config.status, which was
generated by GNU Autoconf 2.68.  Invocation command line was

  CONFIG_FILES    = 
  CONFIG_HEADERS  = 
  CONFIG_LINKS    = 
  CONFIG_COMMANDS = 
  $ ./config.status 

on Arbeitszimmer

config.status:1138: creating Makefile
config.status:1138: creating src/Makefile
config.status:1138: creating doc/Makefile
config.status:1138: creating doc/libogg/Makefile
config.status:1138: creating include/Makefile
config.status:1138: creating include/ogg/Makefile
config.status:1138: creating include/ogg/config_types.h
config.status:1138: creating libogg.spec
config.status:1138: creating ogg.pc
config.status:1138: creating ogg-uninstalled.pc
config.status:1138: creating config.h
config.status:1352: executing depfiles commands
config.status:1352: executing libtool commands

## ---------------- ##
## Cache variables. ##
## ---------------- ##

ac_cv_build=i686-pc-mingw32
ac_cv_c_compiler_gnu=yes
ac_cv_c_const=yes
ac_cv_env_CC_set=
ac_cv_env_CC_value=
ac_cv_env_CFLAGS_set=set
ac_cv_env_CFLAGS_value=' -march=i686'
ac_cv_env_CPPFLAGS_set=
ac_cv_env_CPPFLAGS_value=
ac_cv_env_CPP_set=
ac_cv_env_CPP_value=
ac_cv_env_LDFLAGS_set=
ac_cv_env_LDFLAGS_value=
ac_cv_env_LIBS_set=
ac_cv_env_LIBS_value=
ac_cv_env_build_alias_set=
ac_cv_env_build_alias_value=
ac_cv_env_host_alias_set=
ac_cv_env_host_alias_value=
ac_cv_env_target_alias_set=
ac_cv_env_target_alias_value=
ac_cv_exeext=.exe
ac_cv_func_memcmp_working=yes
ac_cv_header_dlfcn_h=no
ac_cv_header_inttypes_h=yes
ac_cv_header_memory_h=yes
ac_cv_header_stdc=yes
ac_cv_header_stdint_h=yes
ac_cv_header_stdlib_h=yes
ac_cv_header_string_h=yes
ac_cv_header_strings_h=yes
ac_cv_header_sys_stat_h=yes
ac_cv_header_sys_types_h=yes
ac_cv_header_unistd_h=yes
ac_cv_host=i686-pc-mingw32
ac_cv_objext=o
ac_cv_path_EGREP='/bin/grep -E'
ac_cv_path_FGREP='/bin/grep -F'
ac_cv_path_GREP=/bin/grep
ac_cv_path_SED=/bin/sed
ac_cv_path_install='/bin/install -c'
ac_cv_path_mkdir=/bin/mkdir
ac_cv_prog_AWK=gawk
ac_cv_prog_CPP='gcc -E'
ac_cv_prog_ac_ct_AR=ar
ac_cv_prog_ac_ct_CC=gcc
ac_cv_prog_ac_ct_DLLTOOL=dlltool
ac_cv_prog_ac_ct_OBJDUMP=objdump
ac_cv_prog_ac_ct_RANLIB=ranlib
ac_cv_prog_ac_ct_STRIP=strip
ac_cv_prog_cc_c89=
ac_cv_prog_cc_g=yes
ac_cv_prog_cc_gcc_c_o=yes
ac_cv_prog_make_make_set=yes
ac_cv_sizeof_int16_t=2
ac_cv_sizeof_int32_t=4
ac_cv_sizeof_int64_t=8
ac_cv_sizeof_int=4
ac_cv_sizeof_long=4
ac_cv_sizeof_long_long=8
ac_cv_sizeof_short=2
ac_cv_sizeof_u_int16_t=0
ac_cv_sizeof_u_int32_t=0
ac_cv_sizeof_uint16_t=2
ac_cv_sizeof_uint32_t=4
am_cv_CC_dependencies_compiler_type=gcc3
lt_cv_ar_at_file=@
lt_cv_archive_cmds_need_lc=yes
lt_cv_deplibs_check_method='file_magic ^x86 archive import|^x86 DLL'
lt_cv_file_magic_cmd=func_win32_libid
lt_cv_file_magic_test_file=
lt_cv_ld_reload_flag=-r
lt_cv_nm_interface='BSD nm'
lt_cv_objdir=.libs
lt_cv_path_LD=c:/mingw/mingw32/bin/ld.exe
lt_cv_path_NM=/mingw/bin/nm
lt_cv_path_mainfest_tool=no
lt_cv_prog_compiler_c_o=yes
lt_cv_prog_compiler_pic='-DDLL_EXPORT -DPIC'
lt_cv_prog_compiler_pic_works=yes
lt_cv_prog_compiler_rtti_exceptions=no
lt_cv_prog_compiler_static_works=yes
lt_cv_prog_gnu_ld=yes
lt_cv_sharedlib_from_linklib_cmd=func_cygming_dll_for_implib
lt_cv_sys_global_symbol_pipe='sed -n -e '\''s/^.*[	 ]\([ABCDGIRSTW][ABCDGIRSTW]*\)[	 ][	 ]*_\([_A-Za-z][_A-Za-z0-9]*\)\{0,1\}$/\1 _\2 \2/p'\'' | sed '\''/ __gnu_lto/d'\'''
lt_cv_sys_global_symbol_to_c_name_address='sed -n -e '\''s/^: \([^ ]*\)[ ]*$/  {\"\1\", (void *) 0},/p'\'' -e '\''s/^[ABCDGIRSTW]* \([^ ]*\) \([^ ]*\)$/  {"\2", (void *) \&\2},/p'\'''
lt_cv_sys_global_symbol_to_c_name_address_lib_prefix='sed -n -e '\''s/^: \([^ ]*\)[ ]*$/  {\"\1\", (void *) 0},/p'\'' -e '\''s/^[ABCDGIRSTW]* \([^ ]*\) \(lib[^ ]*\)$/  {"\2", (void *) \&\2},/p'\'' -e '\''s/^[ABCDGIRSTW]* \([^ ]*\) \([^ ]*\)$/  {"lib\2", (void *) \&\2},/p'\'''
lt_cv_sys_global_symbol_to_cdecl='sed -n -e '\''s/^T .* \(.*\)$/extern int \1();/p'\'' -e '\''s/^[ABCDGIRSTW]* .* \(.*\)$/extern char \1;/p'\'''
lt_cv_sys_max_cmd_len=8192
lt_cv_to_host_file_cmd=func_convert_file_msys_to_w32
lt_cv_to_tool_file_cmd=func_convert_file_msys_to_w32

## ----------------- ##
## Output variables. ##
## ----------------- ##

ACLOCAL='${SHELL} /home/Dominik_2/libogg-1.3.0-1-mingw32-src/libogg-1.3.0/missing --run aclocal-1.11'
AMDEPBACKSLASH='\'
AMDEP_FALSE='#'
AMDEP_TRUE=''
AMTAR='${SHELL} /home/Dominik_2/libogg-1.3.0-1-mingw32-src/libogg-1.3.0/missing --run tar'
AR='ar'
AUTOCONF='${SHELL} /home/Dominik_2/libogg-1.3.0-1-mingw32-src/libogg-1.3.0/missing --run autoconf'
AUTOHEADER='${SHELL} /home/Dominik_2/libogg-1.3.0-1-mingw32-src/libogg-1.3.0/missing --run autoheader'
AUTOMAKE='${SHELL} /home/Dominik_2/libogg-1.3.0-1-mingw32-src/libogg-1.3.0/missing --run automake-1.11'
AWK='gawk'
CC='gcc'
CCDEPMODE='depmode=gcc3'
CFLAGS='-O20 -fsigned-char  -march=i686'
CPP='gcc -E'
CPPFLAGS=''
CYGPATH_W='echo'
DEBUG='-g -Wall -fsigned-char  -march=i686'
DEFS='-DHAVE_CONFIG_H'
DEPDIR='.deps'
DLLTOOL='dlltool'
DSYMUTIL=''
DUMPBIN=''
ECHO_C=''
ECHO_N='-n'
ECHO_T=''
EGREP='/bin/grep -E'
EXEEXT='.exe'
FGREP='/bin/grep -F'
GREP='/bin/grep'
INCLUDE_INTTYPES_H='1'
INCLUDE_STDINT_H='1'
INCLUDE_SYS_TYPES_H='1'
INSTALL_DATA='${INSTALL} -m 644'
INSTALL_PROGRAM='${INSTALL}'
INSTALL_SCRIPT='${INSTALL}'
INSTALL_STRIP_PROGRAM='$(install_sh) -c -s'
LD='c:/mingw/mingw32/bin/ld.exe'
LDFLAGS=''
LIBOBJS=''
LIBS=''
LIBTOOL='$(SHELL) $(top_builddir)/libtool'
LIBTOOL_DEPS='/home/Dominik_2/libogg-1.3.0-1-mingw32-src/libogg-1.3.0/ltmain.sh'
LIB_AGE='8'
LIB_CURRENT='8'
LIB_REVISION='0'
LIPO=''
LN_S='cp -p'
LTLIBOBJS=''
MAINT='#'
MAINTAINER_MODE_FALSE=''
MAINTAINER_MODE_TRUE='#'
MAKEINFO='${SHELL} /home/Dominik_2/libogg-1.3.0-1-mingw32-src/libogg-1.3.0/missing --run makeinfo'
MANIFEST_TOOL=':'
MKDIR_P='/bin/mkdir -p'
NM='/mingw/bin/nm'
NMEDIT=''
OBJDUMP='objdump'
OBJEXT='o'
OPT=''
OTOOL64=''
OTOOL=''
PACKAGE='libogg'
PACKAGE_BUGREPORT=''
PACKAGE_NAME=''
PACKAGE_STRING=''
PACKAGE_TARNAME=''
PACKAGE_URL=''
PACKAGE_VERSION=''
PATH_SEPARATOR=':'
PROFILE='-O20 -g -pg -fsigned-char  -march=i686'
RANLIB='ranlib'
SED='/bin/sed'
SET_MAKE=''
SHELL='/bin/sh'
SIZE16='short'
SIZE32='int'
SIZE64='long long'
STRIP='strip'
USIZE16='unsigned short'
USIZE32='unsigned int'
VERSION='1.3.0'
ac_ct_AR='ar'
ac_ct_CC='gcc'
ac_ct_DUMPBIN=''
am__EXEEXT_FALSE='#'
am__EXEEXT_TRUE=''
am__fastdepCC_FALSE='#'
am__fastdepCC_TRUE=''
am__include='include'
am__isrc=' -I$(srcdir)'
am__leading_dot='.'
am__quote=''
am__tar='${AMTAR} chof - "$$tardir"'
am__untar='${AMTAR} xf -'
bindir='${exec_prefix}/bin'
build='i686-pc-mingw32'
build_alias=''
build_cpu='i686'
build_os='mingw32'
build_vendor='pc'
datadir='${datarootdir}'
datarootdir='${prefix}/share'
docdir='${datarootdir}/doc/${PACKAGE}'
dvidir='${docdir}'
exec_prefix='${prefix}'
host='i686-pc-mingw32'
host_alias=''
host_cpu='i686'
host_os='mingw32'
host_vendor='pc'
htmldir='${docdir}'
includedir='${prefix}/include'
infodir='${datarootdir}/info'
install_sh='${SHELL} /home/Dominik_2/libogg-1.3.0-1-mingw32-src/libogg-1.3.0/install-sh'
libdir='${exec_prefix}/lib'
libexecdir='${exec_prefix}/libexec'
localedir='${datarootdir}/locale'
localstatedir='${prefix}/var'
mandir='${datarootdir}/man'
mkdir_p='/bin/mkdir -p'
oldincludedir='/usr/include'
pdfdir='${docdir}'
prefix='/mingw'
program_transform_name='s,x,x,'
psdir='${docdir}'
sbindir='${exec_prefix}/sbin'
sharedstatedir='${prefix}/com'
sysconfdir='${prefix}/etc'
target_alias=''

## ----------- ##
## confdefs.h. ##
## ----------- ##

/* confdefs.h */
#define PACKAGE_NAME ""
#define PACKAGE_TARNAME ""
#define PACKAGE_VERSION ""
#define PACKAGE_STRING ""
#define PACKAGE_BUGREPORT ""
#define PACKAGE_URL ""
#define PACKAGE "libogg"
#define VERSION "1.3.0"
#define STDC_HEADERS 1
#define HAVE_SYS_TYPES_H 1
#define HAVE_SYS_STAT_H 1
#define HAVE_STDLIB_H 1
#define HAVE_STRING_H 1
#define HAVE_MEMORY_H 1
#define HAVE_STRINGS_H 1
#define HAVE_INTTYPES_H 1
#define HAVE_STDINT_H 1
#define HAVE_UNISTD_H 1
#define LT_OBJDIR ".libs/"
#define STDC_HEADERS 1
#define SIZEOF_INT16_T 2
#define SIZEOF_UINT16_T 2
#define SIZEOF_U_INT16_T 0
#define SIZEOF_INT32_T 4
#define SIZEOF_UINT32_T 4
#define SIZEOF_U_INT32_T 0
#define SIZEOF_INT64_T 8
#define SIZEOF_SHORT 2
#define SIZEOF_INT 4
#define SIZEOF_LONG 4
#define SIZEOF_LONG_LONG 8

configure: exit 0
