This file contains any messages produced by compilers while
running configure, to aid debugging if configure makes a mistake.

It was created by MPEG Audio Decoder configure 0.15.1b, which was
generated by GNU Autoconf 2.68.  Invocation command line was

  $ /home/Dominik_2/libmad-0.15.1b-1-mingw32-src/libmad-0.15.1b/configure --prefix=/mingw --enable-shared --disable-static

## --------- ##
## Platform. ##
## --------- ##

hostname = Arbeitszimmer
uname -m = i686
uname -r = 1.0.17(0.48/3/2)
uname -s = MINGW32_NT-6.1
uname -v = 2011-04-24 23:39

/usr/bin/uname -p = unknown
/bin/uname -X     = unknown

/bin/arch              = unknown
/usr/bin/arch -k       = unknown
/usr/convex/getsysinfo = unknown
/usr/bin/hostinfo      = unknown
/bin/machine           = unknown
/usr/bin/oslevel       = unknown
/bin/universe          = unknown

PATH: .
PATH: /usr/local/bin
PATH: /mingw/bin
PATH: /bin
PATH: /c/Program Files/Common Files/Microsoft Shared/Windows Live
PATH: /c/Program Files (x86)/Common Files/Microsoft Shared/Windows Live
PATH: /c/Windows/system32
PATH: /c/Windows
PATH: /c/Windows/System32/Wbem
PATH: /c/Windows/System32/WindowsPowerShell/v1.0/
PATH: /c/Program Files (x86)/Windows Live/Shared
PATH: /c/Program Files (x86)/QuickTime/QTSystem/
PATH: /mingw/bin
PATH:  


## ----------- ##
## Core tests. ##
## ----------- ##

configure:2492: checking for a BSD-compatible install
configure:2560: result: /bin/install -c
configure:2571: checking whether build environment is sane
configure:2621: result: yes
configure:2762: checking for a thread-safe mkdir -p
configure:2801: result: /bin/mkdir -p
configure:2814: checking for gawk
configure:2830: found /bin/gawk
configure:2841: result: gawk
configure:2852: checking whether make sets $(MAKE)
configure:2874: result: yes
configure:2963: checking build system type
configure:2977: result: i686-pc-mingw32
configure:2997: checking host system type
configure:3010: result: i686-pc-mingw32
configure:3080: checking for gcc
configure:3096: found /mingw/bin/gcc
configure:3107: result: gcc
configure:3336: checking for C compiler version
configure:3345: gcc --version >&5
gcc.exe (GCC) 4.6.2
Copyright (C) 2011 Free Software Foundation, Inc.
This is free software; see the source for copying conditions.  There is NO
warranty; not even for MERCHANTABILITY or FITNESS FOR A PARTICULAR PURPOSE.

configure:3356: $? = 0
configure:3345: gcc -v >&5
Using built-in specs.
COLLECT_GCC=C:\MinGW\bin\gcc.exe
COLLECT_LTO_WRAPPER=c:/mingw/bin/../libexec/gcc/mingw32/4.6.2/lto-wrapper.exe
Target: mingw32
Configured with: ../gcc-4.6.2/configure --enable-languages=c,c++,ada,fortran,objc,obj-c++ --disable-sjlj-exceptions --with-dwarf2 --enable-shared --enable-libgomp --disable-win32-registry --enable-libstdcxx-debug --enable-version-specific-runtime-libs --build=mingw32 --prefix=/mingw
Thread model: win32
gcc version 4.6.2 (GCC) 
configure:3356: $? = 0
configure:3345: gcc -V >&5
gcc.exe: error: unrecognized option '-V'
gcc.exe: fatal error: no input files
compilation terminated.
configure:3356: $? = 1
configure:3345: gcc -qversion >&5
gcc.exe: error: unrecognized option '-qversion'
gcc.exe: fatal error: no input files
compilation terminated.
configure:3356: $? = 1
configure:3376: checking whether the C compiler works
configure:3398: gcc  -march=i686 -O2   conftest.c  >&5
configure:3402: $? = 0
configure:3450: result: yes
configure:3453: checking for C compiler default output file name
configure:3455: result: a.exe
configure:3461: checking for suffix of executables
configure:3468: gcc -o conftest.exe  -march=i686 -O2   conftest.c  >&5
configure:3472: $? = 0
configure:3494: result: .exe
configure:3516: checking whether we are cross compiling
configure:3524: gcc -o conftest.exe  -march=i686 -O2   conftest.c  >&5
configure:3528: $? = 0
configure:3535: ./conftest.exe
configure:3539: $? = 0
configure:3554: result: no
configure:3559: checking for suffix of object files
configure:3581: gcc -c  -march=i686 -O2  conftest.c >&5
configure:3585: $? = 0
configure:3606: result: o
configure:3610: checking whether we are using the GNU C compiler
configure:3629: gcc -c  -march=i686 -O2  conftest.c >&5
configure:3629: $? = 0
configure:3638: result: yes
configure:3647: checking whether gcc accepts -g
configure:3667: gcc -c -g  conftest.c >&5
configure:3667: $? = 0
configure:3708: result: yes
configure:3725: checking for gcc option to accept ISO C89
configure:3789: gcc  -c  -march=i686 -O2  conftest.c >&5
configure:3789: $? = 0
configure:3802: result: none needed
configure:3833: checking for style of include used by make
configure:3861: result: GNU
configure:3886: checking dependency style of gcc
configure:3996: result: gcc3
configure:4020: checking dependency style of gcc
configure:4128: result: gcc3
configure:4205: checking how to print strings
configure:4232: result: printf
configure:4253: checking for a sed that does not truncate output
configure:4317: result: /bin/sed
configure:4335: checking for grep that handles long lines and -e
configure:4393: result: /bin/grep
configure:4398: checking for egrep
configure:4460: result: /bin/grep -E
configure:4465: checking for fgrep
configure:4527: result: /bin/grep -F
configure:4562: checking for ld used by gcc
configure:4629: result: c:/mingw/mingw32/bin/ld.exe
configure:4636: checking if the linker (c:/mingw/mingw32/bin/ld.exe) is GNU ld
configure:4651: result: yes
configure:4663: checking for BSD- or MS-compatible name lister (nm)
configure:4712: result: /mingw/bin/nm
configure:4842: checking the name lister (/mingw/bin/nm) interface
configure:4849: gcc -c  -march=i686 -O2  conftest.c >&5
configure:4852: /mingw/bin/nm "conftest.o"
configure:4855: output
00000000 b .bss
00000000 d .data
00000000 t .text
00000000 B _some_variable
configure:4862: result: BSD nm
configure:4865: checking whether ln -s works
configure:4872: result: no, using cp -p
configure:4877: checking the maximum length of command line arguments
configure:5002: result: 8192
configure:5019: checking whether the shell understands some XSI constructs
configure:5029: result: yes
configure:5033: checking whether the shell understands "+="
configure:5039: result: yes
configure:5074: checking how to convert i686-pc-mingw32 file names to i686-pc-mingw32 format
configure:5114: result: func_convert_file_msys_to_w32
configure:5121: checking how to convert i686-pc-mingw32 file names to toolchain format
configure:5141: result: func_convert_file_msys_to_w32
configure:5148: checking for c:/mingw/mingw32/bin/ld.exe option to reload object files
configure:5155: result: -r
configure:5229: checking for objdump
configure:5245: found /mingw/bin/objdump
configure:5256: result: objdump
configure:5288: checking how to recognize dependent libraries
configure:5490: result: file_magic ^x86 archive import|^x86 DLL
configure:5575: checking for dlltool
configure:5591: found /mingw/bin/dlltool
configure:5602: result: dlltool
configure:5635: checking how to associate runtime and link libraries
configure:5662: result: func_cygming_dll_for_implib
configure:5723: checking for ar
configure:5739: found /mingw/bin/ar
configure:5750: result: ar
configure:5787: checking for archiver @FILE support
configure:5804: gcc -c  -march=i686 -O2  conftest.c >&5
configure:5804: $? = 0
configure:5807: ar cru libconftest.a @conftest.lst >&5
configure:5810: $? = 0
configure:5815: ar cru libconftest.a @conftest.lst >&5
C:\MinGW\bin\ar.exe: conftest.o: No such file or directory
configure:5818: $? = 1
configure:5830: result: @
configure:5888: checking for strip
configure:5904: found /mingw/bin/strip
configure:5915: result: strip
configure:5987: checking for ranlib
configure:6003: found /mingw/bin/ranlib
configure:6014: result: ranlib
configure:6116: checking command to parse /mingw/bin/nm output from gcc object
configure:6235: gcc -c  -march=i686 -O2  conftest.c >&5
configure:6238: $? = 0
configure:6242: /mingw/bin/nm conftest.o \| sed -n -e 's/^.*[ ]\([ABCDGIRSTW][ABCDGIRSTW]*\)[ ][ ]*\([_A-Za-z][_A-Za-z0-9]*\)\{0,1\}$/\1 \2 \2/p' | sed '/ __gnu_lto/d' \> conftest.nm
configure:6245: $? = 0
cannot find nm_test_var in conftest.nm
configure:6235: gcc -c  -march=i686 -O2  conftest.c >&5
configure:6238: $? = 0
configure:6242: /mingw/bin/nm conftest.o \| sed -n -e 's/^.*[ ]\([ABCDGIRSTW][ABCDGIRSTW]*\)[ ][ ]*_\([_A-Za-z][_A-Za-z0-9]*\)\{0,1\}$/\1 _\2 \2/p' | sed '/ __gnu_lto/d' \> conftest.nm
configure:6245: $? = 0
configure:6311: gcc -o conftest.exe  -march=i686 -O2   conftest.c conftstm.o >&5
configure:6314: $? = 0
configure:6352: result: ok
configure:6389: checking for sysroot
configure:6419: result: no
configure:6662: checking for mt
configure:6692: result: no
configure:6712: checking if : is a manifest tool
configure:6718: : '-?'
configure:6726: result: no
configure:7358: checking how to run the C preprocessor
configure:7389: gcc -E  conftest.c
configure:7389: $? = 0
configure:7403: gcc -E  conftest.c
conftest.c:11:28: fatal error: ac_nonexistent.h: No such file or directory
compilation terminated.
configure:7403: $? = 1
configure: failed program was:
| /* confdefs.h */
| #define PACKAGE_NAME "MPEG Audio Decoder"
| #define PACKAGE_TARNAME "libmad"
| #define PACKAGE_VERSION "0.15.1b"
| #define PACKAGE_STRING "MPEG Audio Decoder 0.15.1b"
| #define PACKAGE_BUGREPORT "support@underbit.com"
| #define PACKAGE_URL ""
| #define PACKAGE "libmad"
| #define VERSION "0.15.1b"
| /* end confdefs.h.  */
| #include <ac_nonexistent.h>
configure:7428: result: gcc -E
configure:7448: gcc -E  conftest.c
configure:7448: $? = 0
configure:7462: gcc -E  conftest.c
conftest.c:11:28: fatal error: ac_nonexistent.h: No such file or directory
compilation terminated.
configure:7462: $? = 1
configure: failed program was:
| /* confdefs.h */
| #define PACKAGE_NAME "MPEG Audio Decoder"
| #define PACKAGE_TARNAME "libmad"
| #define PACKAGE_VERSION "0.15.1b"
| #define PACKAGE_STRING "MPEG Audio Decoder 0.15.1b"
| #define PACKAGE_BUGREPORT "support@underbit.com"
| #define PACKAGE_URL ""
| #define PACKAGE "libmad"
| #define VERSION "0.15.1b"
| /* end confdefs.h.  */
| #include <ac_nonexistent.h>
configure:7491: checking for ANSI C header files
configure:7511: gcc -c  -march=i686 -O2  conftest.c >&5
configure:7511: $? = 0
configure:7584: gcc -o conftest.exe  -march=i686 -O2   conftest.c  >&5
configure:7584: $? = 0
configure:7584: ./conftest.exe
configure:7584: $? = 0
configure:7595: result: yes
configure:7608: checking for sys/types.h
configure:7608: gcc -c  -march=i686 -O2  conftest.c >&5
configure:7608: $? = 0
configure:7608: result: yes
configure:7608: checking for sys/stat.h
configure:7608: gcc -c  -march=i686 -O2  conftest.c >&5
configure:7608: $? = 0
configure:7608: result: yes
configure:7608: checking for stdlib.h
configure:7608: gcc -c  -march=i686 -O2  conftest.c >&5
configure:7608: $? = 0
configure:7608: result: yes
configure:7608: checking for string.h
configure:7608: gcc -c  -march=i686 -O2  conftest.c >&5
configure:7608: $? = 0
configure:7608: result: yes
configure:7608: checking for memory.h
configure:7608: gcc -c  -march=i686 -O2  conftest.c >&5
configure:7608: $? = 0
configure:7608: result: yes
configure:7608: checking for strings.h
configure:7608: gcc -c  -march=i686 -O2  conftest.c >&5
configure:7608: $? = 0
configure:7608: result: yes
configure:7608: checking for inttypes.h
configure:7608: gcc -c  -march=i686 -O2  conftest.c >&5
configure:7608: $? = 0
configure:7608: result: yes
configure:7608: checking for stdint.h
configure:7608: gcc -c  -march=i686 -O2  conftest.c >&5
configure:7608: $? = 0
configure:7608: result: yes
configure:7608: checking for unistd.h
configure:7608: gcc -c  -march=i686 -O2  conftest.c >&5
configure:7608: $? = 0
configure:7608: result: yes
configure:7622: checking for dlfcn.h
configure:7622: gcc -c  -march=i686 -O2  conftest.c >&5
conftest.c:55:19: fatal error: dlfcn.h: No such file or directory
compilation terminated.
configure:7622: $? = 1
configure: failed program was:
| /* confdefs.h */
| #define PACKAGE_NAME "MPEG Audio Decoder"
| #define PACKAGE_TARNAME "libmad"
| #define PACKAGE_VERSION "0.15.1b"
| #define PACKAGE_STRING "MPEG Audio Decoder 0.15.1b"
| #define PACKAGE_BUGREPORT "support@underbit.com"
| #define PACKAGE_URL ""
| #define PACKAGE "libmad"
| #define VERSION "0.15.1b"
| #define STDC_HEADERS 1
| #define HAVE_SYS_TYPES_H 1
| #define HAVE_SYS_STAT_H 1
| #define HAVE_STDLIB_H 1
| #define HAVE_STRING_H 1
| #define HAVE_MEMORY_H 1
| #define HAVE_STRINGS_H 1
| #define HAVE_INTTYPES_H 1
| #define HAVE_STDINT_H 1
| #define HAVE_UNISTD_H 1
| /* end confdefs.h.  */
| #include <stdio.h>
| #ifdef HAVE_SYS_TYPES_H
| # include <sys/types.h>
| #endif
| #ifdef HAVE_SYS_STAT_H
| # include <sys/stat.h>
| #endif
| #ifdef STDC_HEADERS
| # include <stdlib.h>
| # include <stddef.h>
| #else
| # ifdef HAVE_STDLIB_H
| #  include <stdlib.h>
| # endif
| #endif
| #ifdef HAVE_STRING_H
| # if !defined STDC_HEADERS && defined HAVE_MEMORY_H
| #  include <memory.h>
| # endif
| # include <string.h>
| #endif
| #ifdef HAVE_STRINGS_H
| # include <strings.h>
| #endif
| #ifdef HAVE_INTTYPES_H
| # include <inttypes.h>
| #endif
| #ifdef HAVE_STDINT_H
| # include <stdint.h>
| #endif
| #ifdef HAVE_UNISTD_H
| # include <unistd.h>
| #endif
| 
| #include <dlfcn.h>
configure:7622: result: no
configure:7809: checking for objdir
configure:7824: result: .libs
configure:8091: checking if gcc supports -fno-rtti -fno-exceptions
configure:8109: gcc -c  -march=i686 -O2  -fno-rtti -fno-exceptions conftest.c >&5
cc1.exe: warning: command line option '-fno-rtti' is valid for C++/ObjC++ but not for C [enabled by default]
configure:8113: $? = 0
configure:8126: result: no
configure:8436: checking for gcc option to produce PIC
configure:8443: result: -DDLL_EXPORT -DPIC
configure:8451: checking if gcc PIC flag -DDLL_EXPORT -DPIC works
configure:8469: gcc -c  -march=i686 -O2  -DDLL_EXPORT -DPIC -DPIC conftest.c >&5
configure:8473: $? = 0
configure:8486: result: yes
configure:8515: checking if gcc static flag -static works
configure:8543: result: yes
configure:8558: checking if gcc supports -c -o file.o
configure:8579: gcc -c  -march=i686 -O2  -o out/conftest2.o conftest.c >&5
configure:8583: $? = 0
configure:8605: result: yes
configure:8613: checking if gcc supports -c -o file.o
configure:8660: result: yes
configure:8693: checking whether the gcc linker (c:/mingw/mingw32/bin/ld.exe) supports shared libraries
configure:9851: result: yes
configure:9888: checking whether -lc should be explicitly linked in
configure:9896: gcc -c  -march=i686 -O2  conftest.c >&5
configure:9899: $? = 0
configure:9914: gcc -shared conftest.o  -v -o ./conftest -Wl,--enable-auto-image-base -Xlinker --out-implib -Xlinker conftest 2\>\&1 \| /bin/grep  -lc  \>/dev/null 2\>\&1
configure:9917: $? = 1
configure:9931: result: yes
configure:10096: checking dynamic linker characteristics
configure:10832: result: Win32 ld.exe
configure:10939: checking how to hardcode library paths into programs
configure:10964: result: immediate
configure:11504: checking whether stripping libraries is possible
configure:11509: result: yes
configure:11544: checking if libtool supports shared libraries
configure:11546: result: yes
configure:11549: checking whether to build shared libraries
configure:11570: result: yes
configure:11573: checking whether to build static libraries
configure:11577: result: no
configure:11752: checking for ANSI C header files
configure:11856: result: yes
configure:11864: checking for sys/wait.h that is POSIX.1 compatible
configure:11890: gcc -c -Wall  conftest.c >&5
conftest.c:24:22: fatal error: sys/wait.h: No such file or directory
compilation terminated.
configure:11890: $? = 1
configure: failed program was:
| /* confdefs.h */
| #define PACKAGE_NAME "MPEG Audio Decoder"
| #define PACKAGE_TARNAME "libmad"
| #define PACKAGE_VERSION "0.15.1b"
| #define PACKAGE_STRING "MPEG Audio Decoder 0.15.1b"
| #define PACKAGE_BUGREPORT "support@underbit.com"
| #define PACKAGE_URL ""
| #define PACKAGE "libmad"
| #define VERSION "0.15.1b"
| #define STDC_HEADERS 1
| #define HAVE_SYS_TYPES_H 1
| #define HAVE_SYS_STAT_H 1
| #define HAVE_STDLIB_H 1
| #define HAVE_STRING_H 1
| #define HAVE_MEMORY_H 1
| #define HAVE_STRINGS_H 1
| #define HAVE_INTTYPES_H 1
| #define HAVE_STDINT_H 1
| #define HAVE_UNISTD_H 1
| #define LT_OBJDIR ".libs/"
| #define STDC_HEADERS 1
| /* end confdefs.h.  */
| #include <sys/types.h>
| #include <sys/wait.h>
| #ifndef WEXITSTATUS
| # define WEXITSTATUS(stat_val) ((unsigned int) (stat_val) >> 8)
| #endif
| #ifndef WIFEXITED
| # define WIFEXITED(stat_val) (((stat_val) & 255) == 0)
| #endif
| 
| int
| main ()
| {
|   int s;
|   wait (&s);
|   s = WIFEXITED (s) ? WEXITSTATUS (s) : 1;
|   ;
|   return 0;
| }
configure:11897: result: no
configure:11908: checking assert.h usability
configure:11908: gcc -c -Wall  conftest.c >&5
configure:11908: $? = 0
configure:11908: result: yes
configure:11908: checking assert.h presence
configure:11908: gcc -E  conftest.c
configure:11908: $? = 0
configure:11908: result: yes
configure:11908: checking for assert.h
configure:11908: result: yes
configure:11908: checking limits.h usability
configure:11908: gcc -c -Wall  conftest.c >&5
configure:11908: $? = 0
configure:11908: result: yes
configure:11908: checking limits.h presence
configure:11908: gcc -E  conftest.c
configure:11908: $? = 0
configure:11908: result: yes
configure:11908: checking for limits.h
configure:11908: result: yes
configure:11908: checking for unistd.h
configure:11908: result: yes
configure:11908: checking for sys/types.h
configure:11908: result: yes
configure:11908: checking fcntl.h usability
configure:11908: gcc -c -Wall  conftest.c >&5
configure:11908: $? = 0
configure:11908: result: yes
configure:11908: checking fcntl.h presence
configure:11908: gcc -E  conftest.c
configure:11908: $? = 0
configure:11908: result: yes
configure:11908: checking for fcntl.h
configure:11908: result: yes
configure:11908: checking errno.h usability
configure:11908: gcc -c -Wall  conftest.c >&5
configure:11908: $? = 0
configure:11908: result: yes
configure:11908: checking errno.h presence
configure:11908: gcc -E  conftest.c
configure:11908: $? = 0
configure:11908: result: yes
configure:11908: checking for errno.h
configure:11908: result: yes
configure:11920: checking for an ANSI C-conforming const
configure:11985: gcc -c -Wall  conftest.c >&5
conftest.c: In function 'main':
conftest.c:58:10: warning: 't' is used uninitialized in this function [-Wuninitialized]
conftest.c:74:23: warning: 'b' may be used uninitialized in this function [-Wuninitialized]
configure:11985: $? = 0
configure:11992: result: yes
configure:12000: checking for inline
configure:12016: gcc -c -Wall  conftest.c >&5
configure:12016: $? = 0
configure:12024: result: inline
configure:12042: checking whether byte ordering is bigendian
configure:12057: gcc -c -Wall  conftest.c >&5
conftest.c:30:9: error: unknown type name 'not'
conftest.c:30:15: error: expected '=', ',', ';', 'asm' or '__attribute__' before 'universal'
conftest.c:30:15: error: unknown type name 'universal'
configure:12057: $? = 1
configure: failed program was:
| /* confdefs.h */
| #define PACKAGE_NAME "MPEG Audio Decoder"
| #define PACKAGE_TARNAME "libmad"
| #define PACKAGE_VERSION "0.15.1b"
| #define PACKAGE_STRING "MPEG Audio Decoder 0.15.1b"
| #define PACKAGE_BUGREPORT "support@underbit.com"
| #define PACKAGE_URL ""
| #define PACKAGE "libmad"
| #define VERSION "0.15.1b"
| #define STDC_HEADERS 1
| #define HAVE_SYS_TYPES_H 1
| #define HAVE_SYS_STAT_H 1
| #define HAVE_STDLIB_H 1
| #define HAVE_STRING_H 1
| #define HAVE_MEMORY_H 1
| #define HAVE_STRINGS_H 1
| #define HAVE_INTTYPES_H 1
| #define HAVE_STDINT_H 1
| #define HAVE_UNISTD_H 1
| #define LT_OBJDIR ".libs/"
| #define STDC_HEADERS 1
| #define HAVE_ASSERT_H 1
| #define HAVE_LIMITS_H 1
| #define HAVE_UNISTD_H 1
| #define HAVE_SYS_TYPES_H 1
| #define HAVE_FCNTL_H 1
| #define HAVE_ERRNO_H 1
| /* end confdefs.h.  */
| #ifndef __APPLE_CC__
| 	       not a universal capable compiler
| 	     #endif
| 	     typedef int dummy;
| 
configure:12102: gcc -c -Wall  conftest.c >&5
configure:12102: $? = 0
configure:12120: gcc -c -Wall  conftest.c >&5
conftest.c: In function 'main':
conftest.c:36:4: error: unknown type name 'not'
conftest.c:36:12: error: expected '=', ',', ';', 'asm' or '__attribute__' before 'endian'
configure:12120: $? = 1
configure: failed program was:
| /* confdefs.h */
| #define PACKAGE_NAME "MPEG Audio Decoder"
| #define PACKAGE_TARNAME "libmad"
| #define PACKAGE_VERSION "0.15.1b"
| #define PACKAGE_STRING "MPEG Audio Decoder 0.15.1b"
| #define PACKAGE_BUGREPORT "support@underbit.com"
| #define PACKAGE_URL ""
| #define PACKAGE "libmad"
| #define VERSION "0.15.1b"
| #define STDC_HEADERS 1
| #define HAVE_SYS_TYPES_H 1
| #define HAVE_SYS_STAT_H 1
| #define HAVE_STDLIB_H 1
| #define HAVE_STRING_H 1
| #define HAVE_MEMORY_H 1
| #define HAVE_STRINGS_H 1
| #define HAVE_INTTYPES_H 1
| #define HAVE_STDINT_H 1
| #define HAVE_UNISTD_H 1
| #define LT_OBJDIR ".libs/"
| #define STDC_HEADERS 1
| #define HAVE_ASSERT_H 1
| #define HAVE_LIMITS_H 1
| #define HAVE_UNISTD_H 1
| #define HAVE_SYS_TYPES_H 1
| #define HAVE_FCNTL_H 1
| #define HAVE_ERRNO_H 1
| /* end confdefs.h.  */
| #include <sys/types.h>
| 		#include <sys/param.h>
| 
| int
| main ()
| {
| #if BYTE_ORDER != BIG_ENDIAN
| 		 not big endian
| 		#endif
| 
|   ;
|   return 0;
| }
configure:12248: result: no
configure:12266: checking for pid_t
configure:12266: gcc -c -Wall  conftest.c >&5
configure:12266: $? = 0
configure:12266: gcc -c -Wall  conftest.c >&5
conftest.c: In function 'main':
conftest.c:65:20: error: expected expression before ')' token
configure:12266: $? = 1
configure: failed program was:
| /* confdefs.h */
| #define PACKAGE_NAME "MPEG Audio Decoder"
| #define PACKAGE_TARNAME "libmad"
| #define PACKAGE_VERSION "0.15.1b"
| #define PACKAGE_STRING "MPEG Audio Decoder 0.15.1b"
| #define PACKAGE_BUGREPORT "support@underbit.com"
| #define PACKAGE_URL ""
| #define PACKAGE "libmad"
| #define VERSION "0.15.1b"
| #define STDC_HEADERS 1
| #define HAVE_SYS_TYPES_H 1
| #define HAVE_SYS_STAT_H 1
| #define HAVE_STDLIB_H 1
| #define HAVE_STRING_H 1
| #define HAVE_MEMORY_H 1
| #define HAVE_STRINGS_H 1
| #define HAVE_INTTYPES_H 1
| #define HAVE_STDINT_H 1
| #define HAVE_UNISTD_H 1
| #define LT_OBJDIR ".libs/"
| #define STDC_HEADERS 1
| #define HAVE_ASSERT_H 1
| #define HAVE_LIMITS_H 1
| #define HAVE_UNISTD_H 1
| #define HAVE_SYS_TYPES_H 1
| #define HAVE_FCNTL_H 1
| #define HAVE_ERRNO_H 1
| /* end confdefs.h.  */
| #include <stdio.h>
| #ifdef HAVE_SYS_TYPES_H
| # include <sys/types.h>
| #endif
| #ifdef HAVE_SYS_STAT_H
| # include <sys/stat.h>
| #endif
| #ifdef STDC_HEADERS
| # include <stdlib.h>
| # include <stddef.h>
| #else
| # ifdef HAVE_STDLIB_H
| #  include <stdlib.h>
| # endif
| #endif
| #ifdef HAVE_STRING_H
| # if !defined STDC_HEADERS && defined HAVE_MEMORY_H
| #  include <memory.h>
| # endif
| # include <string.h>
| #endif
| #ifdef HAVE_STRINGS_H
| # include <strings.h>
| #endif
| #ifdef HAVE_INTTYPES_H
| # include <inttypes.h>
| #endif
| #ifdef HAVE_STDINT_H
| # include <stdint.h>
| #endif
| #ifdef HAVE_UNISTD_H
| # include <unistd.h>
| #endif
| int
| main ()
| {
| if (sizeof ((pid_t)))
| 	    return 0;
|   ;
|   return 0;
| }
configure:12266: result: yes
configure:12282: checking size of int
configure:12287: gcc -o conftest.exe -Wall   conftest.c  >&5
configure:12287: $? = 0
configure:12287: ./conftest.exe
configure:12287: $? = 0
configure:12301: result: 4
configure:12315: checking size of long
configure:12320: gcc -o conftest.exe -Wall   conftest.c  >&5
configure:12320: $? = 0
configure:12320: ./conftest.exe
configure:12320: $? = 0
configure:12334: result: 4
configure:12348: checking size of long long
configure:12353: gcc -o conftest.exe -Wall   conftest.c  >&5
configure:12353: $? = 0
configure:12353: ./conftest.exe
configure:12353: $? = 0
configure:12367: result: 8
configure:12382: checking for waitpid
configure:12382: gcc -o conftest.exe -Wall   conftest.c  >&5
C:\Users\DOMINI~1\AppData\Local\Temp\ccepzJyr.o:conftest.c:(.text+0xc): undefined reference to `waitpid'
collect2: ld returned 1 exit status
configure:12382: $? = 1
configure: failed program was:
| /* confdefs.h */
| #define PACKAGE_NAME "MPEG Audio Decoder"
| #define PACKAGE_TARNAME "libmad"
| #define PACKAGE_VERSION "0.15.1b"
| #define PACKAGE_STRING "MPEG Audio Decoder 0.15.1b"
| #define PACKAGE_BUGREPORT "support@underbit.com"
| #define PACKAGE_URL ""
| #define PACKAGE "libmad"
| #define VERSION "0.15.1b"
| #define STDC_HEADERS 1
| #define HAVE_SYS_TYPES_H 1
| #define HAVE_SYS_STAT_H 1
| #define HAVE_STDLIB_H 1
| #define HAVE_STRING_H 1
| #define HAVE_MEMORY_H 1
| #define HAVE_STRINGS_H 1
| #define HAVE_INTTYPES_H 1
| #define HAVE_STDINT_H 1
| #define HAVE_UNISTD_H 1
| #define LT_OBJDIR ".libs/"
| #define STDC_HEADERS 1
| #define HAVE_ASSERT_H 1
| #define HAVE_LIMITS_H 1
| #define HAVE_UNISTD_H 1
| #define HAVE_SYS_TYPES_H 1
| #define HAVE_FCNTL_H 1
| #define HAVE_ERRNO_H 1
| #define SIZEOF_INT 4
| #define SIZEOF_LONG 4
| #define SIZEOF_LONG_LONG 8
| /* end confdefs.h.  */
| /* Define waitpid to an innocuous variant, in case <limits.h> declares waitpid.
|    For example, HP-UX 11i <limits.h> declares gettimeofday.  */
| #define waitpid innocuous_waitpid
| 
| /* System header to define __stub macros and hopefully few prototypes,
|     which can conflict with char waitpid (); below.
|     Prefer <limits.h> to <assert.h> if __STDC__ is defined, since
|     <limits.h> exists even on freestanding compilers.  */
| 
| #ifdef __STDC__
| # include <limits.h>
| #else
| # include <assert.h>
| #endif
| 
| #undef waitpid
| 
| /* Override any GCC internal prototype to avoid an error.
|    Use char because int might match the return type of a GCC
|    builtin and then its argument prototype would still apply.  */
| #ifdef __cplusplus
| extern "C"
| #endif
| char waitpid ();
| /* The GNU C library defines this for functions which it implements
|     to always fail with ENOSYS.  Some functions are actually named
|     something starting with __ and the normal name is an alias.  */
| #if defined __stub_waitpid || defined __stub___waitpid
| choke me
| #endif
| 
| int
| main ()
| {
| return waitpid ();
|   ;
|   return 0;
| }
configure:12382: result: no
configure:12382: checking for fcntl
configure:12382: gcc -o conftest.exe -Wall   conftest.c  >&5
C:\Users\DOMINI~1\AppData\Local\Temp\cc0JRjlo.o:conftest.c:(.text+0xc): undefined reference to `fcntl'
collect2: ld returned 1 exit status
configure:12382: $? = 1
configure: failed program was:
| /* confdefs.h */
| #define PACKAGE_NAME "MPEG Audio Decoder"
| #define PACKAGE_TARNAME "libmad"
| #define PACKAGE_VERSION "0.15.1b"
| #define PACKAGE_STRING "MPEG Audio Decoder 0.15.1b"
| #define PACKAGE_BUGREPORT "support@underbit.com"
| #define PACKAGE_URL ""
| #define PACKAGE "libmad"
| #define VERSION "0.15.1b"
| #define STDC_HEADERS 1
| #define HAVE_SYS_TYPES_H 1
| #define HAVE_SYS_STAT_H 1
| #define HAVE_STDLIB_H 1
| #define HAVE_STRING_H 1
| #define HAVE_MEMORY_H 1
| #define HAVE_STRINGS_H 1
| #define HAVE_INTTYPES_H 1
| #define HAVE_STDINT_H 1
| #define HAVE_UNISTD_H 1
| #define LT_OBJDIR ".libs/"
| #define STDC_HEADERS 1
| #define HAVE_ASSERT_H 1
| #define HAVE_LIMITS_H 1
| #define HAVE_UNISTD_H 1
| #define HAVE_SYS_TYPES_H 1
| #define HAVE_FCNTL_H 1
| #define HAVE_ERRNO_H 1
| #define SIZEOF_INT 4
| #define SIZEOF_LONG 4
| #define SIZEOF_LONG_LONG 8
| /* end confdefs.h.  */
| /* Define fcntl to an innocuous variant, in case <limits.h> declares fcntl.
|    For example, HP-UX 11i <limits.h> declares gettimeofday.  */
| #define fcntl innocuous_fcntl
| 
| /* System header to define __stub macros and hopefully few prototypes,
|     which can conflict with char fcntl (); below.
|     Prefer <limits.h> to <assert.h> if __STDC__ is defined, since
|     <limits.h> exists even on freestanding compilers.  */
| 
| #ifdef __STDC__
| # include <limits.h>
| #else
| # include <assert.h>
| #endif
| 
| #undef fcntl
| 
| /* Override any GCC internal prototype to avoid an error.
|    Use char because int might match the return type of a GCC
|    builtin and then its argument prototype would still apply.  */
| #ifdef __cplusplus
| extern "C"
| #endif
| char fcntl ();
| /* The GNU C library defines this for functions which it implements
|     to always fail with ENOSYS.  Some functions are actually named
|     something starting with __ and the normal name is an alias.  */
| #if defined __stub_fcntl || defined __stub___fcntl
| choke me
| #endif
| 
| int
| main ()
| {
| return fcntl ();
|   ;
|   return 0;
| }
configure:12382: result: no
configure:12382: checking for pipe
configure:12382: gcc -o conftest.exe -Wall   conftest.c  >&5
C:\Users\DOMINI~1\AppData\Local\Temp\ccyNU1Ec.o:conftest.c:(.text+0xc): undefined reference to `pipe'
collect2: ld returned 1 exit status
configure:12382: $? = 1
configure: failed program was:
| /* confdefs.h */
| #define PACKAGE_NAME "MPEG Audio Decoder"
| #define PACKAGE_TARNAME "libmad"
| #define PACKAGE_VERSION "0.15.1b"
| #define PACKAGE_STRING "MPEG Audio Decoder 0.15.1b"
| #define PACKAGE_BUGREPORT "support@underbit.com"
| #define PACKAGE_URL ""
| #define PACKAGE "libmad"
| #define VERSION "0.15.1b"
| #define STDC_HEADERS 1
| #define HAVE_SYS_TYPES_H 1
| #define HAVE_SYS_STAT_H 1
| #define HAVE_STDLIB_H 1
| #define HAVE_STRING_H 1
| #define HAVE_MEMORY_H 1
| #define HAVE_STRINGS_H 1
| #define HAVE_INTTYPES_H 1
| #define HAVE_STDINT_H 1
| #define HAVE_UNISTD_H 1
| #define LT_OBJDIR ".libs/"
| #define STDC_HEADERS 1
| #define HAVE_ASSERT_H 1
| #define HAVE_LIMITS_H 1
| #define HAVE_UNISTD_H 1
| #define HAVE_SYS_TYPES_H 1
| #define HAVE_FCNTL_H 1
| #define HAVE_ERRNO_H 1
| #define SIZEOF_INT 4
| #define SIZEOF_LONG 4
| #define SIZEOF_LONG_LONG 8
| /* end confdefs.h.  */
| /* Define pipe to an innocuous variant, in case <limits.h> declares pipe.
|    For example, HP-UX 11i <limits.h> declares gettimeofday.  */
| #define pipe innocuous_pipe
| 
| /* System header to define __stub macros and hopefully few prototypes,
|     which can conflict with char pipe (); below.
|     Prefer <limits.h> to <assert.h> if __STDC__ is defined, since
|     <limits.h> exists even on freestanding compilers.  */
| 
| #ifdef __STDC__
| # include <limits.h>
| #else
| # include <assert.h>
| #endif
| 
| #undef pipe
| 
| /* Override any GCC internal prototype to avoid an error.
|    Use char because int might match the return type of a GCC
|    builtin and then its argument prototype would still apply.  */
| #ifdef __cplusplus
| extern "C"
| #endif
| char pipe ();
| /* The GNU C library defines this for functions which it implements
|     to always fail with ENOSYS.  Some functions are actually named
|     something starting with __ and the normal name is an alias.  */
| #if defined __stub_pipe || defined __stub___pipe
| choke me
| #endif
| 
| int
| main ()
| {
| return pipe ();
|   ;
|   return 0;
| }
configure:12382: result: no
configure:12382: checking for fork
configure:12382: gcc -o conftest.exe -Wall   conftest.c  >&5
conftest.c:55:6: warning: conflicting types for built-in function 'fork' [enabled by default]
C:\Users\DOMINI~1\AppData\Local\Temp\cc2tHUyM.o:conftest.c:(.text+0xc): undefined reference to `fork'
collect2: ld returned 1 exit status
configure:12382: $? = 1
configure: failed program was:
| /* confdefs.h */
| #define PACKAGE_NAME "MPEG Audio Decoder"
| #define PACKAGE_TARNAME "libmad"
| #define PACKAGE_VERSION "0.15.1b"
| #define PACKAGE_STRING "MPEG Audio Decoder 0.15.1b"
| #define PACKAGE_BUGREPORT "support@underbit.com"
| #define PACKAGE_URL ""
| #define PACKAGE "libmad"
| #define VERSION "0.15.1b"
| #define STDC_HEADERS 1
| #define HAVE_SYS_TYPES_H 1
| #define HAVE_SYS_STAT_H 1
| #define HAVE_STDLIB_H 1
| #define HAVE_STRING_H 1
| #define HAVE_MEMORY_H 1
| #define HAVE_STRINGS_H 1
| #define HAVE_INTTYPES_H 1
| #define HAVE_STDINT_H 1
| #define HAVE_UNISTD_H 1
| #define LT_OBJDIR ".libs/"
| #define STDC_HEADERS 1
| #define HAVE_ASSERT_H 1
| #define HAVE_LIMITS_H 1
| #define HAVE_UNISTD_H 1
| #define HAVE_SYS_TYPES_H 1
| #define HAVE_FCNTL_H 1
| #define HAVE_ERRNO_H 1
| #define SIZEOF_INT 4
| #define SIZEOF_LONG 4
| #define SIZEOF_LONG_LONG 8
| /* end confdefs.h.  */
| /* Define fork to an innocuous variant, in case <limits.h> declares fork.
|    For example, HP-UX 11i <limits.h> declares gettimeofday.  */
| #define fork innocuous_fork
| 
| /* System header to define __stub macros and hopefully few prototypes,
|     which can conflict with char fork (); below.
|     Prefer <limits.h> to <assert.h> if __STDC__ is defined, since
|     <limits.h> exists even on freestanding compilers.  */
| 
| #ifdef __STDC__
| # include <limits.h>
| #else
| # include <assert.h>
| #endif
| 
| #undef fork
| 
| /* Override any GCC internal prototype to avoid an error.
|    Use char because int might match the return type of a GCC
|    builtin and then its argument prototype would still apply.  */
| #ifdef __cplusplus
| extern "C"
| #endif
| char fork ();
| /* The GNU C library defines this for functions which it implements
|     to always fail with ENOSYS.  Some functions are actually named
|     something starting with __ and the normal name is an alias.  */
| #if defined __stub_fork || defined __stub___fork
| choke me
| #endif
| 
| int
| main ()
| {
| return fork ();
|   ;
|   return 0;
| }
configure:12382: result: no
configure:12484: checking whether to optimize for speed or for accuracy
configure:12522: result: default
configure:12530: checking for architecture-specific fixed-point math routines
configure:12567: result: INTEL
configure:12621: checking for ISO/IEC interpretation
configure:12637: result: best accepted practices
configure:12640: checking whether to enable profiling
configure:12651: result: no
configure:12654: checking whether to enable debugging
configure:12685: result: default
configure:12688: checking whether to enable experimental code
configure:12703: result: no
configure:12850: creating ./config.status

## ---------------------- ##
## Running config.status. ##
## ---------------------- ##

This file was extended by MPEG Audio Decoder config.status 0.15.1b, which was
generated by GNU Autoconf 2.68.  Invocation command line was

  CONFIG_FILES    = 
  CONFIG_HEADERS  = 
  CONFIG_LINKS    = 
  CONFIG_COMMANDS = 
  $ ./config.status 

on Arbeitszimmer

config.status:1121: creating Makefile
config.status:1121: creating msvc++/Makefile
config.status:1121: creating libmad.list
config.status:1121: creating config.h
config.status:1335: executing depfiles commands
config.status:1335: executing libtool commands

## ---------------- ##
## Cache variables. ##
## ---------------- ##

ac_cv_build=i686-pc-mingw32
ac_cv_c_bigendian=no
ac_cv_c_compiler_gnu=yes
ac_cv_c_const=yes
ac_cv_c_inline=inline
ac_cv_env_CCASFLAGS_set=
ac_cv_env_CCASFLAGS_value=
ac_cv_env_CCAS_set=
ac_cv_env_CCAS_value=
ac_cv_env_CC_set=
ac_cv_env_CC_value=
ac_cv_env_CFLAGS_set=set
ac_cv_env_CFLAGS_value=' -march=i686 -O2'
ac_cv_env_CPPFLAGS_set=
ac_cv_env_CPPFLAGS_value=
ac_cv_env_CPP_set=
ac_cv_env_CPP_value=
ac_cv_env_LDFLAGS_set=
ac_cv_env_LDFLAGS_value=
ac_cv_env_LIBS_set=
ac_cv_env_LIBS_value=
ac_cv_env_build_alias_set=
ac_cv_env_build_alias_value=
ac_cv_env_host_alias_set=
ac_cv_env_host_alias_value=
ac_cv_env_target_alias_set=
ac_cv_env_target_alias_value=
ac_cv_exeext=.exe
ac_cv_func_fcntl=no
ac_cv_func_fork=no
ac_cv_func_pipe=no
ac_cv_func_waitpid=no
ac_cv_header_assert_h=yes
ac_cv_header_dlfcn_h=no
ac_cv_header_errno_h=yes
ac_cv_header_fcntl_h=yes
ac_cv_header_inttypes_h=yes
ac_cv_header_limits_h=yes
ac_cv_header_memory_h=yes
ac_cv_header_stdc=yes
ac_cv_header_stdint_h=yes
ac_cv_header_stdlib_h=yes
ac_cv_header_string_h=yes
ac_cv_header_strings_h=yes
ac_cv_header_sys_stat_h=yes
ac_cv_header_sys_types_h=yes
ac_cv_header_sys_wait_h=no
ac_cv_header_unistd_h=yes
ac_cv_host=i686-pc-mingw32
ac_cv_objext=o
ac_cv_path_EGREP='/bin/grep -E'
ac_cv_path_FGREP='/bin/grep -F'
ac_cv_path_GREP=/bin/grep
ac_cv_path_SED=/bin/sed
ac_cv_path_install='/bin/install -c'
ac_cv_path_mkdir=/bin/mkdir
ac_cv_prog_AWK=gawk
ac_cv_prog_CPP='gcc -E'
ac_cv_prog_ac_ct_AR=ar
ac_cv_prog_ac_ct_CC=gcc
ac_cv_prog_ac_ct_DLLTOOL=dlltool
ac_cv_prog_ac_ct_OBJDUMP=objdump
ac_cv_prog_ac_ct_RANLIB=ranlib
ac_cv_prog_ac_ct_STRIP=strip
ac_cv_prog_cc_c89=
ac_cv_prog_cc_g=yes
ac_cv_prog_make_make_set=yes
ac_cv_sizeof_int=4
ac_cv_sizeof_long=4
ac_cv_sizeof_long_long=8
ac_cv_type_pid_t=yes
am_cv_CCAS_dependencies_compiler_type=gcc3
am_cv_CC_dependencies_compiler_type=gcc3
lt_cv_ar_at_file=@
lt_cv_archive_cmds_need_lc=yes
lt_cv_deplibs_check_method='file_magic ^x86 archive import|^x86 DLL'
lt_cv_file_magic_cmd=func_win32_libid
lt_cv_file_magic_test_file=
lt_cv_ld_reload_flag=-r
lt_cv_nm_interface='BSD nm'
lt_cv_objdir=.libs
lt_cv_path_LD=c:/mingw/mingw32/bin/ld.exe
lt_cv_path_NM=/mingw/bin/nm
lt_cv_path_mainfest_tool=no
lt_cv_prog_compiler_c_o=yes
lt_cv_prog_compiler_pic='-DDLL_EXPORT -DPIC'
lt_cv_prog_compiler_pic_works=yes
lt_cv_prog_compiler_rtti_exceptions=no
lt_cv_prog_compiler_static_works=yes
lt_cv_prog_gnu_ld=yes
lt_cv_sharedlib_from_linklib_cmd=func_cygming_dll_for_implib
lt_cv_sys_global_symbol_pipe='sed -n -e '\''s/^.*[	 ]\([ABCDGIRSTW][ABCDGIRSTW]*\)[	 ][	 ]*_\([_A-Za-z][_A-Za-z0-9]*\)\{0,1\}$/\1 _\2 \2/p'\'' | sed '\''/ __gnu_lto/d'\'''
lt_cv_sys_global_symbol_to_c_name_address='sed -n -e '\''s/^: \([^ ]*\)[ ]*$/  {\"\1\", (void *) 0},/p'\'' -e '\''s/^[ABCDGIRSTW]* \([^ ]*\) \([^ ]*\)$/  {"\2", (void *) \&\2},/p'\'''
lt_cv_sys_global_symbol_to_c_name_address_lib_prefix='sed -n -e '\''s/^: \([^ ]*\)[ ]*$/  {\"\1\", (void *) 0},/p'\'' -e '\''s/^[ABCDGIRSTW]* \([^ ]*\) \(lib[^ ]*\)$/  {"\2", (void *) \&\2},/p'\'' -e '\''s/^[ABCDGIRSTW]* \([^ ]*\) \([^ ]*\)$/  {"lib\2", (void *) \&\2},/p'\'''
lt_cv_sys_global_symbol_to_cdecl='sed -n -e '\''s/^T .* \(.*\)$/extern int \1();/p'\'' -e '\''s/^[ABCDGIRSTW]* .* \(.*\)$/extern char \1;/p'\'''
lt_cv_sys_max_cmd_len=8192
lt_cv_to_host_file_cmd=func_convert_file_msys_to_w32
lt_cv_to_tool_file_cmd=func_convert_file_msys_to_w32

## ----------------- ##
## Output variables. ##
## ----------------- ##

ACLOCAL='${SHELL} /home/Dominik_2/libmad-0.15.1b-1-mingw32-src/libmad-0.15.1b/missing --run aclocal-1.11'
AMDEPBACKSLASH='\'
AMDEP_FALSE='#'
AMDEP_TRUE=''
AMTAR='${SHELL} /home/Dominik_2/libmad-0.15.1b-1-mingw32-src/libmad-0.15.1b/missing --run tar'
AR='ar'
ASO=' -DASO_ZEROCHECK'
ASO_OBJS=''
AUTOCONF='${SHELL} /home/Dominik_2/libmad-0.15.1b-1-mingw32-src/libmad-0.15.1b/missing --run autoconf'
AUTOHEADER='${SHELL} /home/Dominik_2/libmad-0.15.1b-1-mingw32-src/libmad-0.15.1b/missing --run autoheader'
AUTOMAKE='${SHELL} /home/Dominik_2/libmad-0.15.1b-1-mingw32-src/libmad-0.15.1b/missing --run automake-1.11'
AWK='gawk'
CC='gcc'
CCAS='gcc'
CCASDEPMODE='depmode=gcc3'
CCASFLAGS=' -march=i686 -O2'
CCDEPMODE='depmode=gcc3'
CFLAGS='-Wall  -march=i686 -O -fforce-addr -fthread-jumps -fcse-follow-jumps -fcse-skip-blocks -fexpensive-optimizations -fregmove -fschedule-insns2 -fstrength-reduce'
CPP='gcc -E'
CPPFLAGS=''
CYGPATH_W='echo'
DEFS='-DHAVE_CONFIG_H'
DEPDIR='.deps'
DLLTOOL='dlltool'
DSYMUTIL=''
DUMPBIN=''
ECHO_C=''
ECHO_N='-n'
ECHO_T=''
EGREP='/bin/grep -E'
EXEEXT='.exe'
FGREP='/bin/grep -F'
FPM='-DFPM_INTEL'
GREP='/bin/grep'
INSTALL_DATA='${INSTALL} -m 644'
INSTALL_PROGRAM='${INSTALL}'
INSTALL_SCRIPT='${INSTALL}'
INSTALL_STRIP_PROGRAM='$(install_sh) -c -s'
LD='c:/mingw/mingw32/bin/ld.exe'
LDFLAGS=''
LIBOBJS=''
LIBS=''
LIBTOOL='$(SHELL) $(top_builddir)/libtool'
LIBTOOL_DEPS='/home/Dominik_2/libmad-0.15.1b-1-mingw32-src/libmad-0.15.1b/ltmain.sh'
LIPO=''
LN_S='cp -p'
LTLIBOBJS=''
MAKEINFO='${SHELL} /home/Dominik_2/libmad-0.15.1b-1-mingw32-src/libmad-0.15.1b/missing --run makeinfo'
MANIFEST_TOOL=':'
MKDIR_P='/bin/mkdir -p'
NM='/mingw/bin/nm'
NMEDIT=''
OBJDUMP='objdump'
OBJEXT='o'
OTOOL64=''
OTOOL=''
PACKAGE='libmad'
PACKAGE_BUGREPORT='support@underbit.com'
PACKAGE_NAME='MPEG Audio Decoder'
PACKAGE_STRING='MPEG Audio Decoder 0.15.1b'
PACKAGE_TARNAME='libmad'
PACKAGE_URL=''
PACKAGE_VERSION='0.15.1b'
PATH_SEPARATOR=':'
RANLIB='ranlib'
SED='/bin/sed'
SET_MAKE=''
SHELL='/bin/sh'
STRIP='strip'
VERSION='0.15.1b'
ac_ct_AR='ar'
ac_ct_CC='gcc'
ac_ct_DUMPBIN=''
am__EXEEXT_FALSE='#'
am__EXEEXT_TRUE=''
am__fastdepCCAS_FALSE='#'
am__fastdepCCAS_TRUE=''
am__fastdepCC_FALSE='#'
am__fastdepCC_TRUE=''
am__include='include'
am__isrc=' -I$(srcdir)'
am__leading_dot='.'
am__quote=''
am__tar='${AMTAR} chof - "$$tardir"'
am__untar='${AMTAR} xf -'
bindir='${exec_prefix}/bin'
build='i686-pc-mingw32'
build_alias=''
build_cpu='i686'
build_os='mingw32'
build_vendor='pc'
datadir='${datarootdir}'
datarootdir='${prefix}/share'
docdir='${datarootdir}/doc/${PACKAGE_TARNAME}'
dvidir='${docdir}'
exec_prefix='${prefix}'
host='i686-pc-mingw32'
host_alias=''
host_cpu='i686'
host_os='mingw32'
host_vendor='pc'
htmldir='${docdir}'
includedir='${prefix}/include'
infodir='${datarootdir}/info'
install_sh='${SHELL} /home/Dominik_2/libmad-0.15.1b-1-mingw32-src/libmad-0.15.1b/install-sh'
libdir='${exec_prefix}/lib'
libexecdir='${exec_prefix}/libexec'
localedir='${datarootdir}/locale'
localstatedir='${prefix}/var'
mandir='${datarootdir}/man'
mkdir_p='/bin/mkdir -p'
oldincludedir='/usr/include'
pdfdir='${docdir}'
prefix='/mingw'
program_transform_name='s,x,x,'
psdir='${docdir}'
sbindir='${exec_prefix}/sbin'
sharedstatedir='${prefix}/com'
sysconfdir='${prefix}/etc'
target_alias=''

## ----------- ##
## confdefs.h. ##
## ----------- ##

/* confdefs.h */
#define PACKAGE_NAME "MPEG Audio Decoder"
#define PACKAGE_TARNAME "libmad"
#define PACKAGE_VERSION "0.15.1b"
#define PACKAGE_STRING "MPEG Audio Decoder 0.15.1b"
#define PACKAGE_BUGREPORT "support@underbit.com"
#define PACKAGE_URL ""
#define PACKAGE "libmad"
#define VERSION "0.15.1b"
#define STDC_HEADERS 1
#define HAVE_SYS_TYPES_H 1
#define HAVE_SYS_STAT_H 1
#define HAVE_STDLIB_H 1
#define HAVE_STRING_H 1
#define HAVE_MEMORY_H 1
#define HAVE_STRINGS_H 1
#define HAVE_INTTYPES_H 1
#define HAVE_STDINT_H 1
#define HAVE_UNISTD_H 1
#define LT_OBJDIR ".libs/"
#define STDC_HEADERS 1
#define HAVE_ASSERT_H 1
#define HAVE_LIMITS_H 1
#define HAVE_UNISTD_H 1
#define HAVE_SYS_TYPES_H 1
#define HAVE_FCNTL_H 1
#define HAVE_ERRNO_H 1
#define SIZEOF_INT 4
#define SIZEOF_LONG 4
#define SIZEOF_LONG_LONG 8

configure: exit 0
