/home/Dominik_2/libvorbis-1.3.2-1-mingw32-src/libvorbis-1.3.2/doc:
/home/Dominik_2/libvorbis-1.3.2-1-mingw32-src/libvorbis-1.3.2/doc/libvorbis:
/home/Dominik_2/libvorbis-1.3.2-1-mingw32-src/libvorbis-1.3.2/doc/vorbisenc:
/home/Dominik_2/libvorbis-1.3.2-1-mingw32-src/libvorbis-1.3.2/doc/vorbisfile:
/home/Dominik_2/libvorbis-1.3.2-1-mingw32-src/libvorbis-1.3.2/examples:
/home/Dominik_2/libvorbis-1.3.2-1-mingw32-src/libvorbis-1.3.2/include:
/home/Dominik_2/libvorbis-1.3.2-1-mingw32-src/libvorbis-1.3.2/include/vorbis:
/home/Dominik_2/libvorbis-1.3.2-1-mingw32-src/libvorbis-1.3.2/lib:
/home/Dominik_2/libvorbis-1.3.2-1-mingw32-src/libvorbis-1.3.2/lib/books:
/home/Dominik_2/libvorbis-1.3.2-1-mingw32-src/libvorbis-1.3.2/lib/books/coupled:
/home/Dominik_2/libvorbis-1.3.2-1-mingw32-src/libvorbis-1.3.2/lib/books/floor:
/home/Dominik_2/libvorbis-1.3.2-1-mingw32-src/libvorbis-1.3.2/lib/books/uncoupled:
/home/Dominik_2/libvorbis-1.3.2-1-mingw32-src/libvorbis-1.3.2/lib/modes:
/home/Dominik_2/libvorbis-1.3.2-1-mingw32-src/libvorbis-1.3.2/m4:
/home/Dominik_2/libvorbis-1.3.2-1-mingw32-src/libvorbis-1.3.2/macos:
/home/Dominik_2/libvorbis-1.3.2-1-mingw32-src/libvorbis-1.3.2/macos/compat:
/home/Dominik_2/libvorbis-1.3.2-1-mingw32-src/libvorbis-1.3.2/macos/compat/sys:
/home/Dominik_2/libvorbis-1.3.2-1-mingw32-src/libvorbis-1.3.2/macosx:
/home/Dominik_2/libvorbis-1.3.2-1-mingw32-src/libvorbis-1.3.2/macosx/English.lproj:
/home/Dominik_2/libvorbis-1.3.2-1-mingw32-src/libvorbis-1.3.2/macosx/Vorbis.xcodeproj:
/home/Dominik_2/libvorbis-1.3.2-1-mingw32-src/libvorbis-1.3.2/symbian:
/home/Dominik_2/libvorbis-1.3.2-1-mingw32-src/libvorbis-1.3.2/test:
/home/Dominik_2/libvorbis-1.3.2-1-mingw32-src/libvorbis-1.3.2/vq:
/home/Dominik_2/libvorbis-1.3.2-1-mingw32-src/libvorbis-1.3.2/win32:
/home/Dominik_2/libvorbis-1.3.2-1-mingw32-src/libvorbis-1.3.2/win32/VS2005:
/home/Dominik_2/libvorbis-1.3.2-1-mingw32-src/libvorbis-1.3.2/win32/VS2005/libvorbis:
/home/Dominik_2/libvorbis-1.3.2-1-mingw32-src/libvorbis-1.3.2/win32/VS2005/libvorbisfile:
/home/Dominik_2/libvorbis-1.3.2-1-mingw32-src/libvorbis-1.3.2/win32/VS2005/vorbisdec:
/home/Dominik_2/libvorbis-1.3.2-1-mingw32-src/libvorbis-1.3.2/win32/VS2005/vorbisenc:
/home/Dominik_2/libvorbis-1.3.2-1-mingw32-src/libvorbis-1.3.2/win32/VS2008:
/home/Dominik_2/libvorbis-1.3.2-1-mingw32-src/libvorbis-1.3.2/win32/VS2008/libvorbis:
/home/Dominik_2/libvorbis-1.3.2-1-mingw32-src/libvorbis-1.3.2/win32/VS2008/libvorbisfile:
/home/Dominik_2/libvorbis-1.3.2-1-mingw32-src/libvorbis-1.3.2/win32/VS2008/vorbisdec:
/home/Dominik_2/libvorbis-1.3.2-1-mingw32-src/libvorbis-1.3.2/win32/VS2008/vorbisenc:
/home/Dominik_2/libvorbis-1.3.2-1-mingw32-src/libvorbis-1.3.2/win32/VS2010:
/home/Dominik_2/libvorbis-1.3.2-1-mingw32-src/libvorbis-1.3.2/win32/VS2010/libvorbis:
/home/Dominik_2/libvorbis-1.3.2-1-mingw32-src/libvorbis-1.3.2/win32/VS2010/libvorbisfile:
/home/Dominik_2/libvorbis-1.3.2-1-mingw32-src/libvorbis-1.3.2/win32/VS2010/vorbisdec:
/home/Dominik_2/libvorbis-1.3.2-1-mingw32-src/libvorbis-1.3.2/win32/VS2010/vorbisenc:
Configuring in /home/Dominik_2/libvorbis-1.3.2-1-mingw32-src/bld
checking build system type... i686-pc-mingw32
checking host system type... i686-pc-mingw32
checking target system type... i686-pc-mingw32
checking for a BSD-compatible install... /bin/install -c
checking whether build environment is sane... yes
checking for a thread-safe mkdir -p... /bin/mkdir -p
checking for gawk... gawk
checking whether make sets $(MAKE)... yes
checking whether to enable maintainer-specific portions of Makefiles... no
checking for gcc... gcc
checking for C compiler default output file name... a.exe
checking whether the C compiler works... yes
checking whether we are cross compiling... no
checking for suffix of executables... .exe
checking for suffix of object files... o
checking whether we are using the GNU C compiler... yes
checking whether gcc accepts -g... yes
checking for gcc option to accept ISO C89... none needed
checking for style of include used by make... GNU
checking dependency style of gcc... gcc3
checking how to run the C preprocessor... gcc -E
checking for inline... inline
checking for as... as
checking for dlltool... dlltool
checking for objdump... objdump
checking for a sed that does not truncate output... /bin/sed
checking for grep that handles long lines and -e... /bin/grep
checking for egrep... /bin/grep -E
checking for fgrep... /bin/grep -F
checking for ld used by gcc... c:/mingw/mingw32/bin/ld.exe
checking if the linker (c:/mingw/mingw32/bin/ld.exe) is GNU ld... yes
checking for BSD- or MS-compatible name lister (nm)... /mingw/bin/nm
checking the name lister (/mingw/bin/nm) interface... BSD nm
checking whether ln -s works... no, using cp -p
checking the maximum length of command line arguments... 8192
checking whether the shell understands some XSI constructs... yes
checking whether the shell understands "+="... yes
checking for c:/mingw/mingw32/bin/ld.exe option to reload object files... -r
checking for objdump... (cached) objdump
checking how to recognize dependent libraries... file_magic ^x86 archive import|^x86 DLL
checking for ar... ar
checking for strip... strip
checking for ranlib... ranlib
checking command to parse /mingw/bin/nm output from gcc object... ok
checking for ANSI C header files... yes
checking for sys/types.h... yes
checking for sys/stat.h... yes
checking for stdlib.h... yes
checking for string.h... yes
checking for memory.h... yes
checking for strings.h... yes
checking for inttypes.h... yes
checking for stdint.h... yes
checking for unistd.h... yes
checking for dlfcn.h... no
checking for objdir... .libs
checking if gcc supports -fno-rtti -fno-exceptions... no
checking for gcc option to produce PIC... -DDLL_EXPORT -DPIC
checking if gcc PIC flag -DDLL_EXPORT -DPIC works... yes
checking if gcc static flag -static works... yes
checking if gcc supports -c -o file.o... yes
checking if gcc supports -c -o file.o... (cached) yes
checking whether the gcc linker (c:/mingw/mingw32/bin/ld.exe) supports shared libraries... yes
checking whether -lc should be explicitly linked in... yes
checking dynamic linker characteristics... Win32 ld.exe
checking how to hardcode library paths into programs... immediate
checking whether stripping libraries is possible... yes
checking if libtool supports shared libraries... yes
checking whether to build shared libraries... yes
checking whether to build static libraries... yes
checking whether gcc and cc understand -c and -o together... yes
checking for doxygen... false
configure: WARNING: *** doxygen not found, API documentation will not be built
checking for pdflatex... no
checking for htlatex... no
configure: WARNING: Documentation will not be built!
checking GCC version... 4.6.2
checking if gcc accepts -Wdeclaration-after-statement... yes
checking for memory.h... (cached) yes
checking for cos in -lm... yes
checking for pthread_create in -lpthread... yes
checking for pkg-config... no
checking for Ogg... yes
checking for oggpack_writealign... yes
checking for working alloca.h... no
checking for alloca... yes
checking for working memcmp... yes
configure: creating ./config.status
config.status: creating Makefile
config.status: creating m4/Makefile
config.status: creating lib/Makefile
config.status: creating lib/modes/Makefile
config.status: creating lib/books/Makefile
config.status: creating lib/books/coupled/Makefile
config.status: creating lib/books/uncoupled/Makefile
config.status: creating lib/books/floor/Makefile
config.status: creating doc/Makefile
config.status: creating doc/vorbisfile/Makefile
config.status: creating doc/vorbisenc/Makefile
config.status: creating doc/libvorbis/Makefile
config.status: creating doc/Doxyfile
config.status: creating include/Makefile
config.status: creating include/vorbis/Makefile
config.status: creating examples/Makefile
config.status: creating test/Makefile
config.status: creating vq/Makefile
config.status: creating libvorbis.spec
config.status: creating vorbis.pc
config.status: creating vorbisenc.pc
config.status: creating vorbisfile.pc
config.status: creating vorbis-uninstalled.pc
config.status: creating vorbisenc-uninstalled.pc
config.status: creating vorbisfile-uninstalled.pc
config.status: creating config.h
config.status: executing depfiles commands
config.status: executing libtool commands
