Packing
share/aclocal/
share/aclocal/vorbis.m4
lib/
lib/libvorbis.a
lib/libvorbis.dll.a
lib/libvorbisenc.a
lib/libvorbisenc.dll.a
lib/libvorbisfile.a
lib/libvorbisfile.dll.a
lib/pkgconfig/
lib/pkgconfig/vorbis.pc
lib/pkgconfig/vorbisenc.pc
lib/pkgconfig/vorbisfile.pc
include/
include/vorbis/
include/vorbis/codec.h
include/vorbis/vorbisenc.h
include/vorbis/vorbisfile.h
share/doc/libvorbis/1.3.2/
share/doc/libvorbis/1.3.2/CHANGES
share/doc/libvorbis/1.3.2/doxygen-build.stamp
share/doc/libvorbis/1.3.2/eightphase.png
share/doc/libvorbis/1.3.2/evenlsp.png
share/doc/libvorbis/1.3.2/fish_xiph_org.png
share/doc/libvorbis/1.3.2/floor1_inverse_dB_table.html
share/doc/libvorbis/1.3.2/floorval.png
share/doc/libvorbis/1.3.2/fourphase.png
share/doc/libvorbis/1.3.2/framing.html
share/doc/libvorbis/1.3.2/helper.html
share/doc/libvorbis/1.3.2/index.html
share/doc/libvorbis/1.3.2/libvorbis/
share/doc/libvorbis/1.3.2/libvorbis/index.html
share/doc/libvorbis/1.3.2/libvorbis/overview.html
share/doc/libvorbis/1.3.2/libvorbis/reference.html
share/doc/libvorbis/1.3.2/libvorbis/return.html
share/doc/libvorbis/1.3.2/libvorbis/style.css
share/doc/libvorbis/1.3.2/libvorbis/vorbis_analysis.html
share/doc/libvorbis/1.3.2/libvorbis/vorbis_analysis_blockout.html
share/doc/libvorbis/1.3.2/libvorbis/vorbis_analysis_buffer.html
share/doc/libvorbis/1.3.2/libvorbis/vorbis_analysis_headerout.html
share/doc/libvorbis/1.3.2/libvorbis/vorbis_analysis_init.html
share/doc/libvorbis/1.3.2/libvorbis/vorbis_analysis_wrote.html
share/doc/libvorbis/1.3.2/libvorbis/vorbis_bitrate_addblock.html
share/doc/libvorbis/1.3.2/libvorbis/vorbis_bitrate_flushpacket.html
share/doc/libvorbis/1.3.2/libvorbis/vorbis_block.html
share/doc/libvorbis/1.3.2/libvorbis/vorbis_block_clear.html
share/doc/libvorbis/1.3.2/libvorbis/vorbis_block_init.html
share/doc/libvorbis/1.3.2/libvorbis/vorbis_comment.html
share/doc/libvorbis/1.3.2/libvorbis/vorbis_commentheader_out.html
share/doc/libvorbis/1.3.2/libvorbis/vorbis_comment_add.html
share/doc/libvorbis/1.3.2/libvorbis/vorbis_comment_add_tag.html
share/doc/libvorbis/1.3.2/libvorbis/vorbis_comment_clear.html
share/doc/libvorbis/1.3.2/libvorbis/vorbis_comment_init.html
share/doc/libvorbis/1.3.2/libvorbis/vorbis_comment_query.html
share/doc/libvorbis/1.3.2/libvorbis/vorbis_comment_query_count.html
share/doc/libvorbis/1.3.2/libvorbis/vorbis_dsp_clear.html
share/doc/libvorbis/1.3.2/libvorbis/vorbis_dsp_state.html
share/doc/libvorbis/1.3.2/libvorbis/vorbis_granule_time.html
share/doc/libvorbis/1.3.2/libvorbis/vorbis_info.html
share/doc/libvorbis/1.3.2/libvorbis/vorbis_info_blocksize.html
share/doc/libvorbis/1.3.2/libvorbis/vorbis_info_clear.html
share/doc/libvorbis/1.3.2/libvorbis/vorbis_info_init.html
share/doc/libvorbis/1.3.2/libvorbis/vorbis_packet_blocksize.html
share/doc/libvorbis/1.3.2/libvorbis/vorbis_synthesis.html
share/doc/libvorbis/1.3.2/libvorbis/vorbis_synthesis_blockin.html
share/doc/libvorbis/1.3.2/libvorbis/vorbis_synthesis_halfrate.html
share/doc/libvorbis/1.3.2/libvorbis/vorbis_synthesis_halfrate_p.html
share/doc/libvorbis/1.3.2/libvorbis/vorbis_synthesis_headerin.html
share/doc/libvorbis/1.3.2/libvorbis/vorbis_synthesis_idheader.html
share/doc/libvorbis/1.3.2/libvorbis/vorbis_synthesis_init.html
share/doc/libvorbis/1.3.2/libvorbis/vorbis_synthesis_lapout.html
share/doc/libvorbis/1.3.2/libvorbis/vorbis_synthesis_pcmout.html
share/doc/libvorbis/1.3.2/libvorbis/vorbis_synthesis_read.html
share/doc/libvorbis/1.3.2/libvorbis/vorbis_synthesis_restart.html
share/doc/libvorbis/1.3.2/libvorbis/vorbis_synthesis_trackonly.html
share/doc/libvorbis/1.3.2/libvorbis/vorbis_version_string.html
share/doc/libvorbis/1.3.2/lspmap.png
share/doc/libvorbis/1.3.2/oddlsp.png
share/doc/libvorbis/1.3.2/oggstream.html
share/doc/libvorbis/1.3.2/programming.html
share/doc/libvorbis/1.3.2/README
share/doc/libvorbis/1.3.2/rfc5215.txt
share/doc/libvorbis/1.3.2/rfc5215.xml
share/doc/libvorbis/1.3.2/squarepolar.png
share/doc/libvorbis/1.3.2/stereo.html
share/doc/libvorbis/1.3.2/stream.png
share/doc/libvorbis/1.3.2/v-comment.html
share/doc/libvorbis/1.3.2/vorbis-clip.txt
share/doc/libvorbis/1.3.2/vorbis-errors.txt
share/doc/libvorbis/1.3.2/vorbis-fidelity.html
share/doc/libvorbis/1.3.2/vorbis.html
share/doc/libvorbis/1.3.2/vorbisenc/
share/doc/libvorbis/1.3.2/vorbisenc/changes.html
share/doc/libvorbis/1.3.2/vorbisenc/examples.html
share/doc/libvorbis/1.3.2/vorbisenc/index.html
share/doc/libvorbis/1.3.2/vorbisenc/ovectl_ratemanage2_arg.html
share/doc/libvorbis/1.3.2/vorbisenc/ovectl_ratemanage_arg.html
share/doc/libvorbis/1.3.2/vorbisenc/overview.html
share/doc/libvorbis/1.3.2/vorbisenc/reference.html
share/doc/libvorbis/1.3.2/vorbisenc/style.css
share/doc/libvorbis/1.3.2/vorbisenc/vorbis_encode_ctl.html
share/doc/libvorbis/1.3.2/vorbisenc/vorbis_encode_init.html
share/doc/libvorbis/1.3.2/vorbisenc/vorbis_encode_init_vbr.html
share/doc/libvorbis/1.3.2/vorbisenc/vorbis_encode_setup_init.html
share/doc/libvorbis/1.3.2/vorbisenc/vorbis_encode_setup_managed.html
share/doc/libvorbis/1.3.2/vorbisenc/vorbis_encode_setup_vbr.html
share/doc/libvorbis/1.3.2/vorbisfile/
share/doc/libvorbis/1.3.2/vorbisfile/callbacks.html
share/doc/libvorbis/1.3.2/vorbisfile/chainingexample.html
share/doc/libvorbis/1.3.2/vorbisfile/chaining_example_c.html
share/doc/libvorbis/1.3.2/vorbisfile/crosslap.html
share/doc/libvorbis/1.3.2/vorbisfile/datastructures.html
share/doc/libvorbis/1.3.2/vorbisfile/decoding.html
share/doc/libvorbis/1.3.2/vorbisfile/example.html
share/doc/libvorbis/1.3.2/vorbisfile/exampleindex.html
share/doc/libvorbis/1.3.2/vorbisfile/fileinfo.html
share/doc/libvorbis/1.3.2/vorbisfile/index.html
share/doc/libvorbis/1.3.2/vorbisfile/initialization.html
share/doc/libvorbis/1.3.2/vorbisfile/OggVorbis_File.html
share/doc/libvorbis/1.3.2/vorbisfile/overview.html
share/doc/libvorbis/1.3.2/vorbisfile/ov_bitrate.html
share/doc/libvorbis/1.3.2/vorbisfile/ov_bitrate_instant.html
share/doc/libvorbis/1.3.2/vorbisfile/ov_callbacks.html
share/doc/libvorbis/1.3.2/vorbisfile/ov_clear.html
share/doc/libvorbis/1.3.2/vorbisfile/ov_comment.html
share/doc/libvorbis/1.3.2/vorbisfile/ov_crosslap.html
share/doc/libvorbis/1.3.2/vorbisfile/ov_fopen.html
share/doc/libvorbis/1.3.2/vorbisfile/ov_info.html
share/doc/libvorbis/1.3.2/vorbisfile/ov_open.html
share/doc/libvorbis/1.3.2/vorbisfile/ov_open_callbacks.html
share/doc/libvorbis/1.3.2/vorbisfile/ov_pcm_seek.html
share/doc/libvorbis/1.3.2/vorbisfile/ov_pcm_seek_lap.html
share/doc/libvorbis/1.3.2/vorbisfile/ov_pcm_seek_page.html
share/doc/libvorbis/1.3.2/vorbisfile/ov_pcm_seek_page_lap.html
share/doc/libvorbis/1.3.2/vorbisfile/ov_pcm_tell.html
share/doc/libvorbis/1.3.2/vorbisfile/ov_pcm_total.html
share/doc/libvorbis/1.3.2/vorbisfile/ov_raw_seek.html
share/doc/libvorbis/1.3.2/vorbisfile/ov_raw_seek_lap.html
share/doc/libvorbis/1.3.2/vorbisfile/ov_raw_tell.html
share/doc/libvorbis/1.3.2/vorbisfile/ov_raw_total.html
share/doc/libvorbis/1.3.2/vorbisfile/ov_read.html
share/doc/libvorbis/1.3.2/vorbisfile/ov_read_filter.html
share/doc/libvorbis/1.3.2/vorbisfile/ov_read_float.html
share/doc/libvorbis/1.3.2/vorbisfile/ov_seekable.html
share/doc/libvorbis/1.3.2/vorbisfile/ov_serialnumber.html
share/doc/libvorbis/1.3.2/vorbisfile/ov_streams.html
share/doc/libvorbis/1.3.2/vorbisfile/ov_test.html
share/doc/libvorbis/1.3.2/vorbisfile/ov_test_callbacks.html
share/doc/libvorbis/1.3.2/vorbisfile/ov_test_open.html
share/doc/libvorbis/1.3.2/vorbisfile/ov_time_seek.html
share/doc/libvorbis/1.3.2/vorbisfile/ov_time_seek_lap.html
share/doc/libvorbis/1.3.2/vorbisfile/ov_time_seek_page.html
share/doc/libvorbis/1.3.2/vorbisfile/ov_time_seek_page_lap.html
share/doc/libvorbis/1.3.2/vorbisfile/ov_time_tell.html
share/doc/libvorbis/1.3.2/vorbisfile/ov_time_total.html
share/doc/libvorbis/1.3.2/vorbisfile/reference.html
share/doc/libvorbis/1.3.2/vorbisfile/seekexample.html
share/doc/libvorbis/1.3.2/vorbisfile/seeking.html
share/doc/libvorbis/1.3.2/vorbisfile/seekingexample.html
share/doc/libvorbis/1.3.2/vorbisfile/seeking_example_c.html
share/doc/libvorbis/1.3.2/vorbisfile/seeking_test_c.html
share/doc/libvorbis/1.3.2/vorbisfile/style.css
share/doc/libvorbis/1.3.2/vorbisfile/threads.html
share/doc/libvorbis/1.3.2/vorbisfile/vorbisfile_example_c.html
share/doc/libvorbis/1.3.2/vorbisword2.png
share/doc/libvorbis/1.3.2/wait.png
share/doc/libvorbis/1.3.2/white-xifish.png
share/doc/MinGW/
share/doc/MinGW/libvorbis-1.3.2-1-mingw32.RELEASE_NOTES.txt
share/doc/libvorbis/1.3.2/AUTHORS
share/doc/libvorbis/1.3.2/COPYING
bin/libvorbis-0.dll
bin/libvorbisenc-2.dll
bin/libvorbisfile-3.dll
pkgbuild.sh
mingw32-libvorbis.RELEASE_NOTES
patches/
libvorbis-1.3.2.tar.bz2
